# JRE version: Java(TM) SE Runtime Environment (8.0_45-b15) (build 1.8.0_45-b15)
# Java VM: Java HotSpot(TM) 64-Bit Server VM (25.45-b02 mixed mode windows-amd64 compressed oops)
Heap:
 PSYoungGen      total 173056K, used 65103K [0x00000000f5580000, 0x0000000100000000, 0x0000000100000000)
  eden space 172544K, 37% used [0x00000000f5580000,0x00000000f9493ef0,0x00000000ffe00000)
  from space 512K, 100% used [0x00000000fff80000,0x0000000100000000,0x0000000100000000)
  to   space 1024K, 0% used [0x00000000ffe00000,0x00000000ffe00000,0x00000000fff00000)
 ParOldGen       total 88576K, used 37054K [0x00000000e0000000, 0x00000000e5680000, 0x00000000f5580000)
  object space 88576K, 41% used [0x00000000e0000000,0x00000000e242fb18,0x00000000e5680000)
 Metaspace       used 79709K, capacity 86406K, committed 86656K, reserved 1124352K
  class space    used 9845K, capacity 12022K, committed 12160K, reserved 1048576K
GC Heap History (10 events):
Event: 28119.132 GC heap before
{Heap before GC invocations=872 (full 107):
 PSYoungGen      total 174080K, used 45147K [0x00000000f5580000, 0x0000000100000000, 0x0000000100000000)
  eden space 173568K, 25% used [0x00000000f5580000,0x00000000f817ed60,0x00000000fff00000)
  from space 512K, 18% used [0x00000000fff80000,0x00000000fff98000,0x0000000100000000)
  to   space 512K, 0% used [0x00000000fff00000,0x00000000fff00000,0x00000000fff80000)
 ParOldGen       total 88576K, used 36831K [0x00000000e0000000, 0x00000000e5680000, 0x00000000f5580000)
  object space 88576K, 41% used [0x00000000e0000000,0x00000000e23f7c40,0x00000000e5680000)
 Metaspace       used 78837K, capacity 85622K, committed 86016K, reserved 1124352K
  class space    used 9749K, capacity 11892K, committed 12032K, reserved 1048576K
Event: 28119.160 GC heap after
Heap after GC invocations=872 (full 107):
 PSYoungGen      total 174080K, used 64K [0x00000000f5580000, 0x0000000100000000, 0x0000000100000000)
  eden space 173568K, 0% used [0x00000000f5580000,0x00000000f5580000,0x00000000fff00000)
  from space 512K, 12% used [0x00000000fff00000,0x00000000fff10000,0x00000000fff80000)
  to   space 512K, 0% used [0x00000000fff80000,0x00000000fff80000,0x0000000100000000)
 ParOldGen       total 88576K, used 36831K [0x00000000e0000000, 0x00000000e5680000, 0x00000000f5580000)
  object space 88576K, 41% used [0x00000000e0000000,0x00000000e23f7c40,0x00000000e5680000)
 Metaspace       used 78837K, capacity 85622K, committed 86016K, reserved 1124352K
  class space    used 9749K, capacity 11892K, committed 12032K, reserved 1048576K
}
Event: 28119.160 GC heap before
{Heap before GC invocations=873 (full 108):
 PSYoungGen      total 174080K, used 64K [0x00000000f5580000, 0x0000000100000000, 0x0000000100000000)
  eden space 173568K, 0% used [0x00000000f5580000,0x00000000f5580000,0x00000000fff00000)
  from space 512K, 12% used [0x00000000fff00000,0x00000000fff10000,0x00000000fff80000)
  to   space 512K, 0% used [0x00000000fff80000,0x00000000fff80000,0x0000000100000000)
 ParOldGen       total 88576K, used 36831K [0x00000000e0000000, 0x00000000e5680000, 0x00000000f5580000)
  object space 88576K, 41% used [0x00000000e0000000,0x00000000e23f7c40,0x00000000e5680000)
 Metaspace       used 78837K, capacity 85622K, committed 86016K, reserved 1124352K
  class space    used 9749K, capacity 11892K, committed 12032K, reserved 1048576K
Event: 28119.986 GC heap after
Heap after GC invocations=873 (full 108):
 PSYoungGen      total 174080K, used 0K [0x00000000f5580000, 0x0000000100000000, 0x0000000100000000)
  eden space 173568K, 0% used [0x00000000f5580000,0x00000000f5580000,0x00000000fff00000)
  from space 512K, 0% used [0x00000000fff00000,0x00000000fff00000,0x00000000fff80000)
  to   space 512K, 0% used [0x00000000fff80000,0x00000000fff80000,0x0000000100000000)
 ParOldGen       total 88576K, used 36824K [0x00000000e0000000, 0x00000000e5680000, 0x00000000f5580000)
  object space 88576K, 41% used [0x00000000e0000000,0x00000000e23f6020,0x00000000e5680000)
 Metaspace       used 78837K, capacity 85622K, committed 86016K, reserved 1124352K
  class space    used 9749K, capacity 11892K, committed 12032K, reserved 1048576K
}
Event: 28133.833 GC heap before
{Heap before GC invocations=874 (full 108):
 PSYoungGen      total 174080K, used 173568K [0x00000000f5580000, 0x0000000100000000, 0x0000000100000000)
  eden space 173568K, 100% used [0x00000000f5580000,0x00000000fff00000,0x00000000fff00000)
  from space 512K, 0% used [0x00000000fff00000,0x00000000fff00000,0x00000000fff80000)
  to   space 512K, 0% used [0x00000000fff80000,0x00000000fff80000,0x0000000100000000)
 ParOldGen       total 88576K, used 36824K [0x00000000e0000000, 0x00000000e5680000, 0x00000000f5580000)
  object space 88576K, 41% used [0x00000000e0000000,0x00000000e23f6020,0x00000000e5680000)
 Metaspace       used 78840K, capacity 85622K, committed 86016K, reserved 1124352K
  class space    used 9749K, capacity 11892K, committed 12032K, reserved 1048576K
Event: 28133.837 GC heap after
Heap after GC invocations=874 (full 108):
 PSYoungGen      total 174080K, used 512K [0x00000000f5580000, 0x0000000100000000, 0x0000000100000000)
  eden space 173568K, 0% used [0x00000000f5580000,0x00000000f5580000,0x00000000fff00000)
  from space 512K, 100% used [0x00000000fff80000,0x0000000100000000,0x0000000100000000)
  to   space 512K, 0% used [0x00000000fff00000,0x00000000fff00000,0x00000000fff80000)
 ParOldGen       total 88576K, used 37046K [0x00000000e0000000, 0x00000000e5680000, 0x00000000f5580000)
  object space 88576K, 41% used [0x00000000e0000000,0x00000000e242db18,0x00000000e5680000)
 Metaspace       used 78840K, capacity 85622K, committed 86016K, reserved 1124352K
  class space    used 9749K, capacity 11892K, committed 12032K, reserved 1048576K
}
Event: 28143.496 GC heap before
{Heap before GC invocations=875 (full 108):
 PSYoungGen      total 174080K, used 174080K [0x00000000f5580000, 0x0000000100000000, 0x0000000100000000)
  eden space 173568K, 100% used [0x00000000f5580000,0x00000000fff00000,0x00000000fff00000)
  from space 512K, 100% used [0x00000000fff80000,0x0000000100000000,0x0000000100000000)
  to   space 512K, 0% used [0x00000000fff00000,0x00000000fff00000,0x00000000fff80000)
 ParOldGen       total 88576K, used 37046K [0x00000000e0000000, 0x00000000e5680000, 0x00000000f5580000)
  object space 88576K, 41% used [0x00000000e0000000,0x00000000e242db18,0x00000000e5680000)
 Metaspace       used 78840K, capacity 85622K, committed 86016K, reserved 1124352K
  class space    used 9749K, capacity 11892K, committed 12032K, reserved 1048576K
Event: 28143.499 GC heap after
Heap after GC invocations=875 (full 108):
 PSYoungGen      total 174080K, used 512K [0x00000000f5580000, 0x0000000100000000, 0x0000000100000000)
  eden space 173568K, 0% used [0x00000000f5580000,0x00000000f5580000,0x00000000fff00000)
  from space 512K, 100% used [0x00000000fff00000,0x00000000fff80000,0x00000000fff80000)
  to   space 512K, 0% used [0x00000000fff80000,0x00000000fff80000,0x0000000100000000)
 ParOldGen       total 88576K, used 37054K [0x00000000e0000000, 0x00000000e5680000, 0x00000000f5580000)
  object space 88576K, 41% used [0x00000000e0000000,0x00000000e242fb18,0x00000000e5680000)
 Metaspace       used 78840K, capacity 85622K, committed 86016K, reserved 1124352K
  class space    used 9749K, capacity 11892K, committed 12032K, reserved 1048576K
}
Event: 28154.023 GC heap before
{Heap before GC invocations=876 (full 108):
 PSYoungGen      total 174080K, used 174080K [0x00000000f5580000, 0x0000000100000000, 0x0000000100000000)
  eden space 173568K, 100% used [0x00000000f5580000,0x00000000fff00000,0x00000000fff00000)
  from space 512K, 100% used [0x00000000fff00000,0x00000000fff80000,0x00000000fff80000)
  to   space 512K, 0% used [0x00000000fff80000,0x00000000fff80000,0x0000000100000000)
 ParOldGen       total 88576K, used 37054K [0x00000000e0000000, 0x00000000e5680000, 0x00000000f5580000)
  object space 88576K, 41% used [0x00000000e0000000,0x00000000e242fb18,0x00000000e5680000)
 Metaspace       used 78851K, capacity 85622K, committed 86016K, reserved 1124352K
  class space    used 9749K, capacity 11892K, committed 12032K, reserved 1048576K
Event: 28154.026 GC heap after
Heap after GC invocations=876 (full 108):
 PSYoungGen      total 173056K, used 512K [0x00000000f5580000, 0x0000000100000000, 0x0000000100000000)
  eden space 172544K, 0% used [0x00000000f5580000,0x00000000f5580000,0x00000000ffe00000)
  from space 512K, 100% used [0x00000000fff80000,0x0000000100000000,0x0000000100000000)
  to   space 1024K, 0% used [0x00000000ffe00000,0x00000000ffe00000,0x00000000fff00000)
 ParOldGen       total 88576K, used 37054K [0x00000000e0000000, 0x00000000e5680000, 0x00000000f5580000)
  object space 88576K, 41% used [0x00000000e0000000,0x00000000e242fb18,0x00000000e5680000)
 Metaspace       used 78851K, capacity 85622K, committed 86016K, reserved 1124352K
  class space    used 9749K, capacity 11892K, committed 12032K, reserved 1048576K
}

