# JRE version: Java(TM) SE Runtime Environment (8.0_45-b15) (build 1.8.0_45-b15)
# Java VM: Java HotSpot(TM) 64-Bit Server VM (25.45-b02 mixed mode windows-amd64 compressed oops)
Heap:
 PSYoungGen      total 97792K, used 4742K [0x00000000f5580000, 0x00000000fb880000, 0x0000000100000000)
  eden space 94208K, 2% used [0x00000000f5580000,0x00000000f57b9b60,0x00000000fb180000)
  from space 3584K, 68% used [0x00000000fb500000,0x00000000fb767dd8,0x00000000fb880000)
  to   space 3584K, 0% used [0x00000000fb180000,0x00000000fb180000,0x00000000fb500000)
 ParOldGen       total 96256K, used 47062K [0x00000000e0000000, 0x00000000e5e00000, 0x00000000f5580000)
  object space 96256K, 48% used [0x00000000e0000000,0x00000000e2df5bf8,0x00000000e5e00000)
 Metaspace       used 88236K, capacity 94800K, committed 95104K, reserved 1132544K
  class space    used 10820K, capacity 12844K, committed 12928K, reserved 1048576K
GC Heap History (10 events):
Event: 1853.895 GC heap before
{Heap before GC invocations=76 (full 6):
 PSYoungGen      total 95232K, used 93043K [0x00000000f5580000, 0x00000000fb780000, 0x0000000100000000)
  eden space 91136K, 100% used [0x00000000f5580000,0x00000000fae80000,0x00000000fae80000)
  from space 4096K, 46% used [0x00000000fae80000,0x00000000fb05ce40,0x00000000fb280000)
  to   space 4096K, 0% used [0x00000000fb380000,0x00000000fb380000,0x00000000fb780000)
 ParOldGen       total 96256K, used 46534K [0x00000000e0000000, 0x00000000e5e00000, 0x00000000f5580000)
  object space 96256K, 48% used [0x00000000e0000000,0x00000000e2d71bf8,0x00000000e5e00000)
 Metaspace       used 87273K, capacity 94054K, committed 94336K, reserved 1130496K
  class space    used 10715K, capacity 12811K, committed 12928K, reserved 1048576K
Event: 1853.899 GC heap after
Heap after GC invocations=76 (full 6):
 PSYoungGen      total 96256K, used 1696K [0x00000000f5580000, 0x00000000fb780000, 0x0000000100000000)
  eden space 92160K, 0% used [0x00000000f5580000,0x00000000f5580000,0x00000000faf80000)
  from space 4096K, 41% used [0x00000000fb380000,0x00000000fb528000,0x00000000fb780000)
  to   space 4096K, 0% used [0x00000000faf80000,0x00000000faf80000,0x00000000fb380000)
 ParOldGen       total 96256K, used 46534K [0x00000000e0000000, 0x00000000e5e00000, 0x00000000f5580000)
  object space 96256K, 48% used [0x00000000e0000000,0x00000000e2d71bf8,0x00000000e5e00000)
 Metaspace       used 87273K, capacity 94054K, committed 94336K, reserved 1130496K
  class space    used 10715K, capacity 12811K, committed 12928K, reserved 1048576K
}
Event: 1858.666 GC heap before
{Heap before GC invocations=77 (full 6):
 PSYoungGen      total 96256K, used 93856K [0x00000000f5580000, 0x00000000fb780000, 0x0000000100000000)
  eden space 92160K, 100% used [0x00000000f5580000,0x00000000faf80000,0x00000000faf80000)
  from space 4096K, 41% used [0x00000000fb380000,0x00000000fb528000,0x00000000fb780000)
  to   space 4096K, 0% used [0x00000000faf80000,0x00000000faf80000,0x00000000fb380000)
 ParOldGen       total 96256K, used 46534K [0x00000000e0000000, 0x00000000e5e00000, 0x00000000f5580000)
  object space 96256K, 48% used [0x00000000e0000000,0x00000000e2d71bf8,0x00000000e5e00000)
 Metaspace       used 87315K, capacity 94118K, committed 94336K, reserved 1130496K
  class space    used 10715K, capacity 12811K, committed 12928K, reserved 1048576K
Event: 1858.670 GC heap after
Heap after GC invocations=77 (full 6):
 PSYoungGen      total 96256K, used 1914K [0x00000000f5580000, 0x00000000fb780000, 0x0000000100000000)
  eden space 92160K, 0% used [0x00000000f5580000,0x00000000f5580000,0x00000000faf80000)
  from space 4096K, 46% used [0x00000000faf80000,0x00000000fb15eaa0,0x00000000fb380000)
  to   space 3584K, 0% used [0x00000000fb400000,0x00000000fb400000,0x00000000fb780000)
 ParOldGen       total 96256K, used 46542K [0x00000000e0000000, 0x00000000e5e00000, 0x00000000f5580000)
  object space 96256K, 48% used [0x00000000e0000000,0x00000000e2d73bf8,0x00000000e5e00000)
 Metaspace       used 87315K, capacity 94118K, committed 94336K, reserved 1130496K
  class space    used 10715K, capacity 12811K, committed 12928K, reserved 1048576K
}
Event: 1863.094 GC heap before
{Heap before GC invocations=78 (full 6):
 PSYoungGen      total 96256K, used 94074K [0x00000000f5580000, 0x00000000fb780000, 0x0000000100000000)
  eden space 92160K, 100% used [0x00000000f5580000,0x00000000faf80000,0x00000000faf80000)
  from space 4096K, 46% used [0x00000000faf80000,0x00000000fb15eaa0,0x00000000fb380000)
  to   space 3584K, 0% used [0x00000000fb400000,0x00000000fb400000,0x00000000fb780000)
 ParOldGen       total 96256K, used 46542K [0x00000000e0000000, 0x00000000e5e00000, 0x00000000f5580000)
  object space 96256K, 48% used [0x00000000e0000000,0x00000000e2d73bf8,0x00000000e5e00000)
 Metaspace       used 87315K, capacity 94118K, committed 94336K, reserved 1130496K
  class space    used 10715K, capacity 12811K, committed 12928K, reserved 1048576K
Event: 1863.098 GC heap after
Heap after GC invocations=78 (full 6):
 PSYoungGen      total 96768K, used 1607K [0x00000000f5580000, 0x00000000fb780000, 0x0000000100000000)
  eden space 93184K, 0% used [0x00000000f5580000,0x00000000f5580000,0x00000000fb080000)
  from space 3584K, 44% used [0x00000000fb400000,0x00000000fb591c60,0x00000000fb780000)
  to   space 3584K, 0% used [0x00000000fb080000,0x00000000fb080000,0x00000000fb400000)
 ParOldGen       total 96256K, used 46806K [0x00000000e0000000, 0x00000000e5e00000, 0x00000000f5580000)
  object space 96256K, 48% used [0x00000000e0000000,0x00000000e2db5bf8,0x00000000e5e00000)
 Metaspace       used 87315K, capacity 94118K, committed 94336K, reserved 1130496K
  class space    used 10715K, capacity 12811K, committed 12928K, reserved 1048576K
}
Event: 1867.490 GC heap before
{Heap before GC invocations=79 (full 6):
 PSYoungGen      total 96768K, used 94791K [0x00000000f5580000, 0x00000000fb780000, 0x0000000100000000)
  eden space 93184K, 100% used [0x00000000f5580000,0x00000000fb080000,0x00000000fb080000)
  from space 3584K, 44% used [0x00000000fb400000,0x00000000fb591c60,0x00000000fb780000)
  to   space 3584K, 0% used [0x00000000fb080000,0x00000000fb080000,0x00000000fb400000)
 ParOldGen       total 96256K, used 46806K [0x00000000e0000000, 0x00000000e5e00000, 0x00000000f5580000)
  object space 96256K, 48% used [0x00000000e0000000,0x00000000e2db5bf8,0x00000000e5e00000)
 Metaspace       used 87464K, capacity 94214K, committed 94336K, reserved 1130496K
  class space    used 10735K, capacity 12843K, committed 12928K, reserved 1048576K
Event: 1867.496 GC heap after
Heap after GC invocations=79 (full 6):
 PSYoungGen      total 96768K, used 1578K [0x00000000f5580000, 0x00000000fb880000, 0x0000000100000000)
  eden space 93184K, 0% used [0x00000000f5580000,0x00000000f5580000,0x00000000fb080000)
  from space 3584K, 44% used [0x00000000fb080000,0x00000000fb20ab38,0x00000000fb400000)
  to   space 3584K, 0% used [0x00000000fb500000,0x00000000fb500000,0x00000000fb880000)
 ParOldGen       total 96256K, used 47006K [0x00000000e0000000, 0x00000000e5e00000, 0x00000000f5580000)
  object space 96256K, 48% used [0x00000000e0000000,0x00000000e2de7bf8,0x00000000e5e00000)
 Metaspace       used 87464K, capacity 94214K, committed 94336K, reserved 1130496K
  class space    used 10735K, capacity 12843K, committed 12928K, reserved 1048576K
}
Event: 1871.390 GC heap before
{Heap before GC invocations=80 (full 6):
 PSYoungGen      total 96768K, used 94762K [0x00000000f5580000, 0x00000000fb880000, 0x0000000100000000)
  eden space 93184K, 100% used [0x00000000f5580000,0x00000000fb080000,0x00000000fb080000)
  from space 3584K, 44% used [0x00000000fb080000,0x00000000fb20ab38,0x00000000fb400000)
  to   space 3584K, 0% used [0x00000000fb500000,0x00000000fb500000,0x00000000fb880000)
 ParOldGen       total 96256K, used 47006K [0x00000000e0000000, 0x00000000e5e00000, 0x00000000f5580000)
  object space 96256K, 48% used [0x00000000e0000000,0x00000000e2de7bf8,0x00000000e5e00000)
 Metaspace       used 88227K, capacity 94800K, committed 95104K, reserved 1132544K
  class space    used 10819K, capacity 12844K, committed 12928K, reserved 1048576K
Event: 1871.396 GC heap after
Heap after GC invocations=80 (full 6):
 PSYoungGen      total 97792K, used 2463K [0x00000000f5580000, 0x00000000fb880000, 0x0000000100000000)
  eden space 94208K, 0% used [0x00000000f5580000,0x00000000f5580000,0x00000000fb180000)
  from space 3584K, 68% used [0x00000000fb500000,0x00000000fb767dd8,0x00000000fb880000)
  to   space 3584K, 0% used [0x00000000fb180000,0x00000000fb180000,0x00000000fb500000)
 ParOldGen       total 96256K, used 47062K [0x00000000e0000000, 0x00000000e5e00000, 0x00000000f5580000)
  object space 96256K, 48% used [0x00000000e0000000,0x00000000e2df5bf8,0x00000000e5e00000)
 Metaspace       used 88227K, capacity 94800K, committed 95104K, reserved 1132544K
  class space    used 10819K, capacity 12844K, committed 12928K, reserved 1048576K
}

