# JRE version: Java(TM) SE Runtime Environment (8.0_45-b15) (build 1.8.0_45-b15)
# Java VM: Java HotSpot(TM) 64-Bit Server VM (25.45-b02 mixed mode windows-amd64 compressed oops)
Heap:
 PSYoungGen      total 59392K, used 30600K [0x00000000f5580000, 0x00000000f9a80000, 0x0000000100000000)
  eden space 49152K, 62% used [0x00000000f5580000,0x00000000f7362390,0x00000000f8580000)
  from space 10240K, 0% used [0x00000000f9080000,0x00000000f9080000,0x00000000f9a80000)
  to   space 10752K, 0% used [0x00000000f8580000,0x00000000f8580000,0x00000000f9000000)
 ParOldGen       total 77824K, used 27892K [0x00000000e0000000, 0x00000000e4c00000, 0x00000000f5580000)
  object space 77824K, 35% used [0x00000000e0000000,0x00000000e1b3d228,0x00000000e4c00000)
 Metaspace       used 71035K, capacity 77344K, committed 77568K, reserved 1116160K
  class space    used 8665K, capacity 10670K, committed 10752K, reserved 1048576K
GC Heap History (10 events):
Event: 6857.406 GC heap before
{Heap before GC invocations=53 (full 21):
 PSYoungGen      total 59904K, used 192K [0x00000000f5580000, 0x00000000f9c80000, 0x0000000100000000)
  eden space 49152K, 0% used [0x00000000f5580000,0x00000000f5580000,0x00000000f8580000)
  from space 10752K, 1% used [0x00000000f9200000,0x00000000f9230000,0x00000000f9c80000)
  to   space 11776K, 0% used [0x00000000f8580000,0x00000000f8580000,0x00000000f9100000)
 ParOldGen       total 77824K, used 27890K [0x00000000e0000000, 0x00000000e4c00000, 0x00000000f5580000)
  object space 77824K, 35% used [0x00000000e0000000,0x00000000e1b3c960,0x00000000e4c00000)
 Metaspace       used 70297K, capacity 76538K, committed 76928K, reserved 1116160K
  class space    used 8596K, capacity 10573K, committed 10624K, reserved 1048576K
Event: 6857.476 GC heap after
Heap after GC invocations=53 (full 21):
 PSYoungGen      total 59904K, used 0K [0x00000000f5580000, 0x00000000f9c80000, 0x0000000100000000)
  eden space 49152K, 0% used [0x00000000f5580000,0x00000000f5580000,0x00000000f8580000)
  from space 10752K, 0% used [0x00000000f9200000,0x00000000f9200000,0x00000000f9c80000)
  to   space 11776K, 0% used [0x00000000f8580000,0x00000000f8580000,0x00000000f9100000)
 ParOldGen       total 77824K, used 27890K [0x00000000e0000000, 0x00000000e4c00000, 0x00000000f5580000)
  object space 77824K, 35% used [0x00000000e0000000,0x00000000e1b3ca18,0x00000000e4c00000)
 Metaspace       used 70297K, capacity 76538K, committed 76928K, reserved 1116160K
  class space    used 8596K, capacity 10573K, committed 10624K, reserved 1048576K
}
Event: 6917.398 GC heap before
{Heap before GC invocations=54 (full 21):
 PSYoungGen      total 59904K, used 7922K [0x00000000f5580000, 0x00000000f9c80000, 0x0000000100000000)
  eden space 49152K, 16% used [0x00000000f5580000,0x00000000f5d3c898,0x00000000f8580000)
  from space 10752K, 0% used [0x00000000f9200000,0x00000000f9200000,0x00000000f9c80000)
  to   space 11776K, 0% used [0x00000000f8580000,0x00000000f8580000,0x00000000f9100000)
 ParOldGen       total 77824K, used 27890K [0x00000000e0000000, 0x00000000e4c00000, 0x00000000f5580000)
  object space 77824K, 35% used [0x00000000e0000000,0x00000000e1b3ca18,0x00000000e4c00000)
 Metaspace       used 70315K, capacity 76538K, committed 76928K, reserved 1116160K
  class space    used 8596K, capacity 10573K, committed 10624K, reserved 1048576K
Event: 6917.433 GC heap after
Heap after GC invocations=54 (full 21):
 PSYoungGen      total 49664K, used 448K [0x00000000f5580000, 0x00000000f9b80000, 0x0000000100000000)
  eden space 49152K, 0% used [0x00000000f5580000,0x00000000f5580000,0x00000000f8580000)
  from space 512K, 87% used [0x00000000f8580000,0x00000000f85f0000,0x00000000f8600000)
  to   space 11264K, 0% used [0x00000000f9080000,0x00000000f9080000,0x00000000f9b80000)
 ParOldGen       total 77824K, used 27898K [0x00000000e0000000, 0x00000000e4c00000, 0x00000000f5580000)
  object space 77824K, 35% used [0x00000000e0000000,0x00000000e1b3ea18,0x00000000e4c00000)
 Metaspace       used 70315K, capacity 76538K, committed 76928K, reserved 1116160K
  class space    used 8596K, capacity 10573K, committed 10624K, reserved 1048576K
}
Event: 6917.433 GC heap before
{Heap before GC invocations=55 (full 22):
 PSYoungGen      total 49664K, used 448K [0x00000000f5580000, 0x00000000f9b80000, 0x0000000100000000)
  eden space 49152K, 0% used [0x00000000f5580000,0x00000000f5580000,0x00000000f8580000)
  from space 512K, 87% used [0x00000000f8580000,0x00000000f85f0000,0x00000000f8600000)
  to   space 11264K, 0% used [0x00000000f9080000,0x00000000f9080000,0x00000000f9b80000)
 ParOldGen       total 77824K, used 27898K [0x00000000e0000000, 0x00000000e4c00000, 0x00000000f5580000)
  object space 77824K, 35% used [0x00000000e0000000,0x00000000e1b3ea18,0x00000000e4c00000)
 Metaspace       used 70315K, capacity 76538K, committed 76928K, reserved 1116160K
  class space    used 8596K, capacity 10573K, committed 10624K, reserved 1048576K
Event: 6917.687 GC heap after
Heap after GC invocations=55 (full 22):
 PSYoungGen      total 49664K, used 0K [0x00000000f5580000, 0x00000000f9b80000, 0x0000000100000000)
  eden space 49152K, 0% used [0x00000000f5580000,0x00000000f5580000,0x00000000f8580000)
  from space 512K, 0% used [0x00000000f8580000,0x00000000f8580000,0x00000000f8600000)
  to   space 11264K, 0% used [0x00000000f9080000,0x00000000f9080000,0x00000000f9b80000)
 ParOldGen       total 77824K, used 28022K [0x00000000e0000000, 0x00000000e4c00000, 0x00000000f5580000)
  object space 77824K, 36% used [0x00000000e0000000,0x00000000e1b5da70,0x00000000e4c00000)
 Metaspace       used 70315K, capacity 76538K, committed 76928K, reserved 1116160K
  class space    used 8596K, capacity 10573K, committed 10624K, reserved 1048576K
}
Event: 6977.413 GC heap before
{Heap before GC invocations=56 (full 22):
 PSYoungGen      total 49664K, used 3549K [0x00000000f5580000, 0x00000000f9b80000, 0x0000000100000000)
  eden space 49152K, 7% used [0x00000000f5580000,0x00000000f58f75e8,0x00000000f8580000)
  from space 512K, 0% used [0x00000000f8580000,0x00000000f8580000,0x00000000f8600000)
  to   space 11264K, 0% used [0x00000000f9080000,0x00000000f9080000,0x00000000f9b80000)
 ParOldGen       total 77824K, used 28022K [0x00000000e0000000, 0x00000000e4c00000, 0x00000000f5580000)
  object space 77824K, 36% used [0x00000000e0000000,0x00000000e1b5da70,0x00000000e4c00000)
 Metaspace       used 70317K, capacity 76538K, committed 76928K, reserved 1116160K
  class space    used 8596K, capacity 10573K, committed 10624K, reserved 1048576K
Event: 6977.439 GC heap after
Heap after GC invocations=56 (full 22):
 PSYoungGen      total 59392K, used 192K [0x00000000f5580000, 0x00000000f9a80000, 0x0000000100000000)
  eden space 49152K, 0% used [0x00000000f5580000,0x00000000f5580000,0x00000000f8580000)
  from space 10240K, 1% used [0x00000000f9080000,0x00000000f90b0000,0x00000000f9a80000)
  to   space 10752K, 0% used [0x00000000f8580000,0x00000000f8580000,0x00000000f9000000)
 ParOldGen       total 77824K, used 28022K [0x00000000e0000000, 0x00000000e4c00000, 0x00000000f5580000)
  object space 77824K, 36% used [0x00000000e0000000,0x00000000e1b5da70,0x00000000e4c00000)
 Metaspace       used 70317K, capacity 76538K, committed 76928K, reserved 1116160K
  class space    used 8596K, capacity 10573K, committed 10624K, reserved 1048576K
}
Event: 6977.439 GC heap before
{Heap before GC invocations=57 (full 23):
 PSYoungGen      total 59392K, used 192K [0x00000000f5580000, 0x00000000f9a80000, 0x0000000100000000)
  eden space 49152K, 0% used [0x00000000f5580000,0x00000000f5580000,0x00000000f8580000)
  from space 10240K, 1% used [0x00000000f9080000,0x00000000f90b0000,0x00000000f9a80000)
  to   space 10752K, 0% used [0x00000000f8580000,0x00000000f8580000,0x00000000f9000000)
 ParOldGen       total 77824K, used 28022K [0x00000000e0000000, 0x00000000e4c00000, 0x00000000f5580000)
  object space 77824K, 36% used [0x00000000e0000000,0x00000000e1b5da70,0x00000000e4c00000)
 Metaspace       used 70317K, capacity 76538K, committed 76928K, reserved 1116160K
  class space    used 8596K, capacity 10573K, committed 10624K, reserved 1048576K
Event: 6977.521 GC heap after
Heap after GC invocations=57 (full 23):
 PSYoungGen      total 59392K, used 0K [0x00000000f5580000, 0x00000000f9a80000, 0x0000000100000000)
  eden space 49152K, 0% used [0x00000000f5580000,0x00000000f5580000,0x00000000f8580000)
  from space 10240K, 0% used [0x00000000f9080000,0x00000000f9080000,0x00000000f9a80000)
  to   space 10752K, 0% used [0x00000000f8580000,0x00000000f8580000,0x00000000f9000000)
 ParOldGen       total 77824K, used 27892K [0x00000000e0000000, 0x00000000e4c00000, 0x00000000f5580000)
  object space 77824K, 35% used [0x00000000e0000000,0x00000000e1b3d228,0x00000000e4c00000)
 Metaspace       used 70317K, capacity 76538K, committed 76928K, reserved 1116160K
  class space    used 8596K, capacity 10573K, committed 10624K, reserved 1048576K
}

