# JRE version: Java(TM) SE Runtime Environment (8.0_45-b15) (build 1.8.0_45-b15)
# Java VM: Java HotSpot(TM) 64-Bit Server VM (25.45-b02 mixed mode windows-amd64 compressed oops)
Heap:
 PSYoungGen      total 118784K, used 32232K [0x00000000f5580000, 0x00000000fdd00000, 0x0000000100000000)
  eden space 99840K, 32% used [0x00000000f5580000,0x00000000f74fa2f8,0x00000000fb700000)
  from space 18944K, 0% used [0x00000000fca80000,0x00000000fca80000,0x00000000fdd00000)
  to   space 19456K, 0% used [0x00000000fb700000,0x00000000fb700000,0x00000000fca00000)
 ParOldGen       total 80384K, used 54837K [0x00000000e0000000, 0x00000000e4e80000, 0x00000000f5580000)
  object space 80384K, 68% used [0x00000000e0000000,0x00000000e358d7d0,0x00000000e4e80000)
 Metaspace       used 79767K, capacity 86188K, committed 86400K, reserved 1124352K
  class space    used 9864K, capacity 11897K, committed 11904K, reserved 1048576K
GC Heap History (10 events):
Event: 77.830 GC heap before
{Heap before GC invocations=17 (full 3):
 PSYoungGen      total 99328K, used 91394K [0x00000000f5580000, 0x00000000fe280000, 0x0000000100000000)
  eden space 78848K, 100% used [0x00000000f5580000,0x00000000fa280000,0x00000000fa280000)
  from space 20480K, 61% used [0x00000000fa280000,0x00000000faec0bf8,0x00000000fb680000)
  to   space 20480K, 0% used [0x00000000fce80000,0x00000000fce80000,0x00000000fe280000)
 ParOldGen       total 80384K, used 36700K [0x00000000e0000000, 0x00000000e4e80000, 0x00000000f5580000)
  object space 80384K, 45% used [0x00000000e0000000,0x00000000e23d7228,0x00000000e4e80000)
 Metaspace       used 73421K, capacity 79106K, committed 79360K, reserved 1118208K
  class space    used 9098K, capacity 10923K, committed 11008K, reserved 1048576K
Event: 77.848 GC heap after
Heap after GC invocations=17 (full 3):
 PSYoungGen      total 116736K, used 6408K [0x00000000f5580000, 0x00000000fdf00000, 0x0000000100000000)
  eden space 99840K, 0% used [0x00000000f5580000,0x00000000f5580000,0x00000000fb700000)
  from space 16896K, 37% used [0x00000000fce80000,0x00000000fd4c22e0,0x00000000fdf00000)
  to   space 20480K, 0% used [0x00000000fb700000,0x00000000fb700000,0x00000000fcb00000)
 ParOldGen       total 80384K, used 44582K [0x00000000e0000000, 0x00000000e4e80000, 0x00000000f5580000)
  object space 80384K, 55% used [0x00000000e0000000,0x00000000e2b898c8,0x00000000e4e80000)
 Metaspace       used 73421K, capacity 79106K, committed 79360K, reserved 1118208K
  class space    used 9098K, capacity 10923K, committed 11008K, reserved 1048576K
}
Event: 86.467 GC heap before
{Heap before GC invocations=18 (full 3):
 PSYoungGen      total 116736K, used 57369K [0x00000000f5580000, 0x00000000fdf00000, 0x0000000100000000)
  eden space 99840K, 51% used [0x00000000f5580000,0x00000000f8744358,0x00000000fb700000)
  from space 16896K, 37% used [0x00000000fce80000,0x00000000fd4c22e0,0x00000000fdf00000)
  to   space 20480K, 0% used [0x00000000fb700000,0x00000000fb700000,0x00000000fcb00000)
 ParOldGen       total 80384K, used 44582K [0x00000000e0000000, 0x00000000e4e80000, 0x00000000f5580000)
  object space 80384K, 55% used [0x00000000e0000000,0x00000000e2b898c8,0x00000000e4e80000)
 Metaspace       used 74188K, capacity 79874K, committed 80128K, reserved 1118208K
  class space    used 9149K, capacity 10987K, committed 11008K, reserved 1048576K
Event: 86.473 GC heap after
Heap after GC invocations=18 (full 3):
 PSYoungGen      total 104960K, used 5060K [0x00000000f5580000, 0x00000000fde00000, 0x0000000100000000)
  eden space 99840K, 0% used [0x00000000f5580000,0x00000000f5580000,0x00000000fb700000)
  from space 5120K, 98% used [0x00000000fb700000,0x00000000fbbf10f0,0x00000000fbc00000)
  to   space 19968K, 0% used [0x00000000fca80000,0x00000000fca80000,0x00000000fde00000)
 ParOldGen       total 80384K, used 44590K [0x00000000e0000000, 0x00000000e4e80000, 0x00000000f5580000)
  object space 80384K, 55% used [0x00000000e0000000,0x00000000e2b8b8c8,0x00000000e4e80000)
 Metaspace       used 74188K, capacity 79874K, committed 80128K, reserved 1118208K
  class space    used 9149K, capacity 10987K, committed 11008K, reserved 1048576K
}
Event: 86.473 GC heap before
{Heap before GC invocations=19 (full 4):
 PSYoungGen      total 104960K, used 5060K [0x00000000f5580000, 0x00000000fde00000, 0x0000000100000000)
  eden space 99840K, 0% used [0x00000000f5580000,0x00000000f5580000,0x00000000fb700000)
  from space 5120K, 98% used [0x00000000fb700000,0x00000000fbbf10f0,0x00000000fbc00000)
  to   space 19968K, 0% used [0x00000000fca80000,0x00000000fca80000,0x00000000fde00000)
 ParOldGen       total 80384K, used 44590K [0x00000000e0000000, 0x00000000e4e80000, 0x00000000f5580000)
  object space 80384K, 55% used [0x00000000e0000000,0x00000000e2b8b8c8,0x00000000e4e80000)
 Metaspace       used 74188K, capacity 79874K, committed 80128K, reserved 1118208K
  class space    used 9149K, capacity 10987K, committed 11008K, reserved 1048576K
Event: 86.941 GC heap after
Heap after GC invocations=19 (full 4):
 PSYoungGen      total 104960K, used 0K [0x00000000f5580000, 0x00000000fde00000, 0x0000000100000000)
  eden space 99840K, 0% used [0x00000000f5580000,0x00000000f5580000,0x00000000fb700000)
  from space 5120K, 0% used [0x00000000fb700000,0x00000000fb700000,0x00000000fbc00000)
  to   space 19968K, 0% used [0x00000000fca80000,0x00000000fca80000,0x00000000fde00000)
 ParOldGen       total 80384K, used 48401K [0x00000000e0000000, 0x00000000e4e80000, 0x00000000f5580000)
  object space 80384K, 60% used [0x00000000e0000000,0x00000000e2f44670,0x00000000e4e80000)
 Metaspace       used 74188K, capacity 79874K, committed 80128K, reserved 1118208K
  class space    used 9149K, capacity 10987K, committed 11008K, reserved 1048576K
}
Event: 146.467 GC heap before
{Heap before GC invocations=20 (full 4):
 PSYoungGen      total 104960K, used 70058K [0x00000000f5580000, 0x00000000fde00000, 0x0000000100000000)
  eden space 99840K, 70% used [0x00000000f5580000,0x00000000f99eabe0,0x00000000fb700000)
  from space 5120K, 0% used [0x00000000fb700000,0x00000000fb700000,0x00000000fbc00000)
  to   space 19968K, 0% used [0x00000000fca80000,0x00000000fca80000,0x00000000fde00000)
 ParOldGen       total 80384K, used 48401K [0x00000000e0000000, 0x00000000e4e80000, 0x00000000f5580000)
  object space 80384K, 60% used [0x00000000e0000000,0x00000000e2f44670,0x00000000e4e80000)
 Metaspace       used 78538K, capacity 84714K, committed 84992K, reserved 1122304K
  class space    used 9732K, capacity 11703K, committed 11776K, reserved 1048576K
Event: 146.475 GC heap after
Heap after GC invocations=20 (full 4):
 PSYoungGen      total 118784K, used 7995K [0x00000000f5580000, 0x00000000fdd00000, 0x0000000100000000)
  eden space 99840K, 0% used [0x00000000f5580000,0x00000000f5580000,0x00000000fb700000)
  from space 18944K, 42% used [0x00000000fca80000,0x00000000fd24efc8,0x00000000fdd00000)
  to   space 19456K, 0% used [0x00000000fb700000,0x00000000fb700000,0x00000000fca00000)
 ParOldGen       total 80384K, used 48409K [0x00000000e0000000, 0x00000000e4e80000, 0x00000000f5580000)
  object space 80384K, 60% used [0x00000000e0000000,0x00000000e2f46670,0x00000000e4e80000)
 Metaspace       used 78538K, capacity 84714K, committed 84992K, reserved 1122304K
  class space    used 9732K, capacity 11703K, committed 11776K, reserved 1048576K
}
Event: 146.475 GC heap before
{Heap before GC invocations=21 (full 5):
 PSYoungGen      total 118784K, used 7995K [0x00000000f5580000, 0x00000000fdd00000, 0x0000000100000000)
  eden space 99840K, 0% used [0x00000000f5580000,0x00000000f5580000,0x00000000fb700000)
  from space 18944K, 42% used [0x00000000fca80000,0x00000000fd24efc8,0x00000000fdd00000)
  to   space 19456K, 0% used [0x00000000fb700000,0x00000000fb700000,0x00000000fca00000)
 ParOldGen       total 80384K, used 48409K [0x00000000e0000000, 0x00000000e4e80000, 0x00000000f5580000)
  object space 80384K, 60% used [0x00000000e0000000,0x00000000e2f46670,0x00000000e4e80000)
 Metaspace       used 78538K, capacity 84714K, committed 84992K, reserved 1122304K
  class space    used 9732K, capacity 11703K, committed 11776K, reserved 1048576K
Event: 146.908 GC heap after
Heap after GC invocations=21 (full 5):
 PSYoungGen      total 118784K, used 0K [0x00000000f5580000, 0x00000000fdd00000, 0x0000000100000000)
  eden space 99840K, 0% used [0x00000000f5580000,0x00000000f5580000,0x00000000fb700000)
  from space 18944K, 0% used [0x00000000fca80000,0x00000000fca80000,0x00000000fdd00000)
  to   space 19456K, 0% used [0x00000000fb700000,0x00000000fb700000,0x00000000fca00000)
 ParOldGen       total 80384K, used 54837K [0x00000000e0000000, 0x00000000e4e80000, 0x00000000f5580000)
  object space 80384K, 68% used [0x00000000e0000000,0x00000000e358d7d0,0x00000000e4e80000)
 Metaspace       used 78538K, capacity 84714K, committed 84992K, reserved 1122304K
  class space    used 9732K, capacity 11703K, committed 11776K, reserved 1048576K
}

