# JRE version: Java(TM) SE Runtime Environment (8.0_45-b15) (build 1.8.0_45-b15)
# Java VM: Java HotSpot(TM) 64-Bit Server VM (25.45-b02 mixed mode windows-amd64 compressed oops)
Heap:
 PSYoungGen      total 92672K, used 36517K [0x00000000f5580000, 0x00000000fc380000, 0x0000000100000000)
  eden space 92160K, 39% used [0x00000000f5580000,0x00000000f7929468,0x00000000faf80000)
  from space 512K, 0% used [0x00000000faf80000,0x00000000faf80000,0x00000000fb000000)
  to   space 10240K, 0% used [0x00000000fb980000,0x00000000fb980000,0x00000000fc380000)
 ParOldGen       total 83968K, used 46954K [0x00000000e0000000, 0x00000000e5200000, 0x00000000f5580000)
  object space 83968K, 55% used [0x00000000e0000000,0x00000000e2ddaab8,0x00000000e5200000)
 Metaspace       used 83377K, capacity 89434K, committed 89728K, reserved 1126400K
  class space    used 10084K, capacity 12087K, committed 12160K, reserved 1048576K
GC Heap History (10 events):
Event: 1345.721 GC heap before
{Heap before GC invocations=60 (full 23):
 PSYoungGen      total 92672K, used 160K [0x00000000f5580000, 0x00000000fc580000, 0x0000000100000000)
  eden space 92160K, 0% used [0x00000000f5580000,0x00000000f5580000,0x00000000faf80000)
  from space 512K, 31% used [0x00000000faf80000,0x00000000fafa8000,0x00000000fb000000)
  to   space 11264K, 0% used [0x00000000fba80000,0x00000000fba80000,0x00000000fc580000)
 ParOldGen       total 83968K, used 47677K [0x00000000e0000000, 0x00000000e5200000, 0x00000000f5580000)
  object space 83968K, 56% used [0x00000000e0000000,0x00000000e2e8f4a0,0x00000000e5200000)
 Metaspace       used 82665K, capacity 88910K, committed 89088K, reserved 1126400K
  class space    used 10004K, capacity 12021K, committed 12032K, reserved 1048576K
Event: 1345.846 GC heap after
Heap after GC invocations=60 (full 23):
 PSYoungGen      total 92672K, used 0K [0x00000000f5580000, 0x00000000fc580000, 0x0000000100000000)
  eden space 92160K, 0% used [0x00000000f5580000,0x00000000f5580000,0x00000000faf80000)
  from space 512K, 0% used [0x00000000faf80000,0x00000000faf80000,0x00000000fb000000)
  to   space 11264K, 0% used [0x00000000fba80000,0x00000000fba80000,0x00000000fc580000)
 ParOldGen       total 83968K, used 47659K [0x00000000e0000000, 0x00000000e5200000, 0x00000000f5580000)
  object space 83968K, 56% used [0x00000000e0000000,0x00000000e2e8ad50,0x00000000e5200000)
 Metaspace       used 82665K, capacity 88910K, committed 89088K, reserved 1126400K
  class space    used 10004K, capacity 12021K, committed 12032K, reserved 1048576K
}
Event: 1405.712 GC heap before
{Heap before GC invocations=61 (full 23):
 PSYoungGen      total 92672K, used 3644K [0x00000000f5580000, 0x00000000fc580000, 0x0000000100000000)
  eden space 92160K, 3% used [0x00000000f5580000,0x00000000f590f230,0x00000000faf80000)
  from space 512K, 0% used [0x00000000faf80000,0x00000000faf80000,0x00000000fb000000)
  to   space 11264K, 0% used [0x00000000fba80000,0x00000000fba80000,0x00000000fc580000)
 ParOldGen       total 83968K, used 47659K [0x00000000e0000000, 0x00000000e5200000, 0x00000000f5580000)
  object space 83968K, 56% used [0x00000000e0000000,0x00000000e2e8ad50,0x00000000e5200000)
 Metaspace       used 82665K, capacity 88910K, committed 89088K, reserved 1126400K
  class space    used 10004K, capacity 12021K, committed 12032K, reserved 1048576K
Event: 1405.716 GC heap after
Heap after GC invocations=61 (full 23):
 PSYoungGen      total 102400K, used 192K [0x00000000f5580000, 0x00000000fc480000, 0x0000000100000000)
  eden space 92160K, 0% used [0x00000000f5580000,0x00000000f5580000,0x00000000faf80000)
  from space 10240K, 1% used [0x00000000fba80000,0x00000000fbab0000,0x00000000fc480000)
  to   space 10752K, 0% used [0x00000000faf80000,0x00000000faf80000,0x00000000fba00000)
 ParOldGen       total 83968K, used 47659K [0x00000000e0000000, 0x00000000e5200000, 0x00000000f5580000)
  object space 83968K, 56% used [0x00000000e0000000,0x00000000e2e8ad50,0x00000000e5200000)
 Metaspace       used 82665K, capacity 88910K, committed 89088K, reserved 1126400K
  class space    used 10004K, capacity 12021K, committed 12032K, reserved 1048576K
}
Event: 1405.716 GC heap before
{Heap before GC invocations=62 (full 24):
 PSYoungGen      total 102400K, used 192K [0x00000000f5580000, 0x00000000fc480000, 0x0000000100000000)
  eden space 92160K, 0% used [0x00000000f5580000,0x00000000f5580000,0x00000000faf80000)
  from space 10240K, 1% used [0x00000000fba80000,0x00000000fbab0000,0x00000000fc480000)
  to   space 10752K, 0% used [0x00000000faf80000,0x00000000faf80000,0x00000000fba00000)
 ParOldGen       total 83968K, used 47659K [0x00000000e0000000, 0x00000000e5200000, 0x00000000f5580000)
  object space 83968K, 56% used [0x00000000e0000000,0x00000000e2e8ad50,0x00000000e5200000)
 Metaspace       used 82665K, capacity 88910K, committed 89088K, reserved 1126400K
  class space    used 10004K, capacity 12021K, committed 12032K, reserved 1048576K
Event: 1405.851 GC heap after
Heap after GC invocations=62 (full 24):
 PSYoungGen      total 102400K, used 0K [0x00000000f5580000, 0x00000000fc480000, 0x0000000100000000)
  eden space 92160K, 0% used [0x00000000f5580000,0x00000000f5580000,0x00000000faf80000)
  from space 10240K, 0% used [0x00000000fba80000,0x00000000fba80000,0x00000000fc480000)
  to   space 10752K, 0% used [0x00000000faf80000,0x00000000faf80000,0x00000000fba00000)
 ParOldGen       total 83968K, used 46990K [0x00000000e0000000, 0x00000000e5200000, 0x00000000f5580000)
  object space 83968K, 55% used [0x00000000e0000000,0x00000000e2de3878,0x00000000e5200000)
 Metaspace       used 82665K, capacity 88910K, committed 89088K, reserved 1126400K
  class space    used 10004K, capacity 12021K, committed 12032K, reserved 1048576K
}
Event: 1465.714 GC heap before
{Heap before GC invocations=63 (full 24):
 PSYoungGen      total 102400K, used 3637K [0x00000000f5580000, 0x00000000fc480000, 0x0000000100000000)
  eden space 92160K, 3% used [0x00000000f5580000,0x00000000f590d660,0x00000000faf80000)
  from space 10240K, 0% used [0x00000000fba80000,0x00000000fba80000,0x00000000fc480000)
  to   space 10752K, 0% used [0x00000000faf80000,0x00000000faf80000,0x00000000fba00000)
 ParOldGen       total 83968K, used 46990K [0x00000000e0000000, 0x00000000e5200000, 0x00000000f5580000)
  object space 83968K, 55% used [0x00000000e0000000,0x00000000e2de3878,0x00000000e5200000)
 Metaspace       used 82673K, capacity 88910K, committed 89088K, reserved 1126400K
  class space    used 10004K, capacity 12021K, committed 12032K, reserved 1048576K
Event: 1465.717 GC heap after
Heap after GC invocations=63 (full 24):
 PSYoungGen      total 92672K, used 192K [0x00000000f5580000, 0x00000000fc380000, 0x0000000100000000)
  eden space 92160K, 0% used [0x00000000f5580000,0x00000000f5580000,0x00000000faf80000)
  from space 512K, 37% used [0x00000000faf80000,0x00000000fafb0000,0x00000000fb000000)
  to   space 10240K, 0% used [0x00000000fb980000,0x00000000fb980000,0x00000000fc380000)
 ParOldGen       total 83968K, used 46990K [0x00000000e0000000, 0x00000000e5200000, 0x00000000f5580000)
  object space 83968K, 55% used [0x00000000e0000000,0x00000000e2de3878,0x00000000e5200000)
 Metaspace       used 82673K, capacity 88910K, committed 89088K, reserved 1126400K
  class space    used 10004K, capacity 12021K, committed 12032K, reserved 1048576K
}
Event: 1465.717 GC heap before
{Heap before GC invocations=64 (full 25):
 PSYoungGen      total 92672K, used 192K [0x00000000f5580000, 0x00000000fc380000, 0x0000000100000000)
  eden space 92160K, 0% used [0x00000000f5580000,0x00000000f5580000,0x00000000faf80000)
  from space 512K, 37% used [0x00000000faf80000,0x00000000fafb0000,0x00000000fb000000)
  to   space 10240K, 0% used [0x00000000fb980000,0x00000000fb980000,0x00000000fc380000)
 ParOldGen       total 83968K, used 46990K [0x00000000e0000000, 0x00000000e5200000, 0x00000000f5580000)
  object space 83968K, 55% used [0x00000000e0000000,0x00000000e2de3878,0x00000000e5200000)
 Metaspace       used 82673K, capacity 88910K, committed 89088K, reserved 1126400K
  class space    used 10004K, capacity 12021K, committed 12032K, reserved 1048576K
Event: 1465.845 GC heap after
Heap after GC invocations=64 (full 25):
 PSYoungGen      total 92672K, used 0K [0x00000000f5580000, 0x00000000fc380000, 0x0000000100000000)
  eden space 92160K, 0% used [0x00000000f5580000,0x00000000f5580000,0x00000000faf80000)
  from space 512K, 0% used [0x00000000faf80000,0x00000000faf80000,0x00000000fb000000)
  to   space 10240K, 0% used [0x00000000fb980000,0x00000000fb980000,0x00000000fc380000)
 ParOldGen       total 83968K, used 46954K [0x00000000e0000000, 0x00000000e5200000, 0x00000000f5580000)
  object space 83968K, 55% used [0x00000000e0000000,0x00000000e2ddaab8,0x00000000e5200000)
 Metaspace       used 82673K, capacity 88910K, committed 89088K, reserved 1126400K
  class space    used 10004K, capacity 12021K, committed 12032K, reserved 1048576K
}

