# JRE version: Java(TM) SE Runtime Environment (8.0_45-b15) (build 1.8.0_45-b15)
# Java VM: Java HotSpot(TM) 64-Bit Server VM (25.45-b02 mixed mode windows-amd64 compressed oops)
Heap:
 PSYoungGen      total 120320K, used 36156K [0x00000000f5580000, 0x00000000fe580000, 0x0000000100000000)
  eden space 96256K, 35% used [0x00000000f5580000,0x00000000f768d528,0x00000000fb380000)
  from space 24064K, 9% used [0x00000000fb380000,0x00000000fb5c1c80,0x00000000fcb00000)
  to   space 23552K, 0% used [0x00000000fce80000,0x00000000fce80000,0x00000000fe580000)
 ParOldGen       total 85504K, used 48448K [0x00000000e0000000, 0x00000000e5380000, 0x00000000f5580000)
  object space 85504K, 56% used [0x00000000e0000000,0x00000000e2f50170,0x00000000e5380000)
 Metaspace       used 79173K, capacity 86128K, committed 86400K, reserved 1124352K
  class space    used 9923K, capacity 12106K, committed 12160K, reserved 1048576K
GC Heap History (10 events):
Event: 77.612 GC heap before
{Heap before GC invocations=21 (full 4):
 PSYoungGen      total 109056K, used 86376K [0x00000000f5580000, 0x00000000fe780000, 0x0000000100000000)
  eden space 84992K, 100% used [0x00000000f5580000,0x00000000fa880000,0x00000000fa880000)
  from space 24064K, 5% used [0x00000000fc100000,0x00000000fc25a220,0x00000000fd880000)
  to   space 25088K, 0% used [0x00000000fa880000,0x00000000fa880000,0x00000000fc100000)
 ParOldGen       total 85504K, used 48416K [0x00000000e0000000, 0x00000000e5380000, 0x00000000f5580000)
  object space 85504K, 56% used [0x00000000e0000000,0x00000000e2f48170,0x00000000e5380000)
 Metaspace       used 77278K, capacity 83884K, committed 83968K, reserved 1122304K
  class space    used 9723K, capacity 11727K, committed 11776K, reserved 1048576K
Event: 77.618 GC heap after
Heap after GC invocations=21 (full 4):
 PSYoungGen      total 110080K, used 3124K [0x00000000f5580000, 0x00000000fe580000, 0x0000000100000000)
  eden space 84992K, 0% used [0x00000000f5580000,0x00000000f5580000,0x00000000fa880000)
  from space 25088K, 12% used [0x00000000fa880000,0x00000000fab8d048,0x00000000fc100000)
  to   space 25088K, 0% used [0x00000000fcd00000,0x00000000fcd00000,0x00000000fe580000)
 ParOldGen       total 85504K, used 48424K [0x00000000e0000000, 0x00000000e5380000, 0x00000000f5580000)
  object space 85504K, 56% used [0x00000000e0000000,0x00000000e2f4a170,0x00000000e5380000)
 Metaspace       used 77278K, capacity 83884K, committed 83968K, reserved 1122304K
  class space    used 9723K, capacity 11727K, committed 11776K, reserved 1048576K
}
Event: 82.386 GC heap before
{Heap before GC invocations=22 (full 4):
 PSYoungGen      total 110080K, used 88116K [0x00000000f5580000, 0x00000000fe580000, 0x0000000100000000)
  eden space 84992K, 100% used [0x00000000f5580000,0x00000000fa880000,0x00000000fa880000)
  from space 25088K, 12% used [0x00000000fa880000,0x00000000fab8d048,0x00000000fc100000)
  to   space 25088K, 0% used [0x00000000fcd00000,0x00000000fcd00000,0x00000000fe580000)
 ParOldGen       total 85504K, used 48424K [0x00000000e0000000, 0x00000000e5380000, 0x00000000f5580000)
  object space 85504K, 56% used [0x00000000e0000000,0x00000000e2f4a170,0x00000000e5380000)
 Metaspace       used 77506K, capacity 84310K, committed 84608K, reserved 1122304K
  class space    used 9742K, capacity 11829K, committed 11904K, reserved 1048576K
Event: 82.390 GC heap after
Heap after GC invocations=22 (full 4):
 PSYoungGen      total 111104K, used 2249K [0x00000000f5580000, 0x00000000fe000000, 0x0000000100000000)
  eden space 91648K, 0% used [0x00000000f5580000,0x00000000f5580000,0x00000000faf00000)
  from space 19456K, 11% used [0x00000000fcd00000,0x00000000fcf32768,0x00000000fe000000)
  to   space 25088K, 0% used [0x00000000faf00000,0x00000000faf00000,0x00000000fc780000)
 ParOldGen       total 85504K, used 48432K [0x00000000e0000000, 0x00000000e5380000, 0x00000000f5580000)
  object space 85504K, 56% used [0x00000000e0000000,0x00000000e2f4c170,0x00000000e5380000)
 Metaspace       used 77506K, capacity 84310K, committed 84608K, reserved 1122304K
  class space    used 9742K, capacity 11829K, committed 11904K, reserved 1048576K
}
Event: 87.263 GC heap before
{Heap before GC invocations=23 (full 4):
 PSYoungGen      total 111104K, used 93897K [0x00000000f5580000, 0x00000000fe000000, 0x0000000100000000)
  eden space 91648K, 100% used [0x00000000f5580000,0x00000000faf00000,0x00000000faf00000)
  from space 19456K, 11% used [0x00000000fcd00000,0x00000000fcf32768,0x00000000fe000000)
  to   space 25088K, 0% used [0x00000000faf00000,0x00000000faf00000,0x00000000fc780000)
 ParOldGen       total 85504K, used 48432K [0x00000000e0000000, 0x00000000e5380000, 0x00000000f5580000)
  object space 85504K, 56% used [0x00000000e0000000,0x00000000e2f4c170,0x00000000e5380000)
 Metaspace       used 77595K, capacity 84322K, committed 84608K, reserved 1122304K
  class space    used 9748K, capacity 11833K, committed 11904K, reserved 1048576K
Event: 87.267 GC heap after
Heap after GC invocations=23 (full 4):
 PSYoungGen      total 116736K, used 2128K [0x00000000f5580000, 0x00000000fe480000, 0x0000000100000000)
  eden space 91648K, 0% used [0x00000000f5580000,0x00000000f5580000,0x00000000faf00000)
  from space 25088K, 8% used [0x00000000faf00000,0x00000000fb114010,0x00000000fc780000)
  to   space 24576K, 0% used [0x00000000fcc80000,0x00000000fcc80000,0x00000000fe480000)
 ParOldGen       total 85504K, used 48440K [0x00000000e0000000, 0x00000000e5380000, 0x00000000f5580000)
  object space 85504K, 56% used [0x00000000e0000000,0x00000000e2f4e170,0x00000000e5380000)
 Metaspace       used 77595K, capacity 84322K, committed 84608K, reserved 1122304K
  class space    used 9748K, capacity 11833K, committed 11904K, reserved 1048576K
}
Event: 92.381 GC heap before
{Heap before GC invocations=24 (full 4):
 PSYoungGen      total 116736K, used 93776K [0x00000000f5580000, 0x00000000fe480000, 0x0000000100000000)
  eden space 91648K, 100% used [0x00000000f5580000,0x00000000faf00000,0x00000000faf00000)
  from space 25088K, 8% used [0x00000000faf00000,0x00000000fb114010,0x00000000fc780000)
  to   space 24576K, 0% used [0x00000000fcc80000,0x00000000fcc80000,0x00000000fe480000)
 ParOldGen       total 85504K, used 48440K [0x00000000e0000000, 0x00000000e5380000, 0x00000000f5580000)
  object space 85504K, 56% used [0x00000000e0000000,0x00000000e2f4e170,0x00000000e5380000)
 Metaspace       used 77909K, capacity 84756K, committed 84992K, reserved 1122304K
  class space    used 9790K, capacity 11910K, committed 12032K, reserved 1048576K
Event: 92.385 GC heap after
Heap after GC invocations=24 (full 4):
 PSYoungGen      total 118784K, used 2583K [0x00000000f5580000, 0x00000000fe280000, 0x0000000100000000)
  eden space 96256K, 0% used [0x00000000f5580000,0x00000000f5580000,0x00000000fb380000)
  from space 22528K, 11% used [0x00000000fcc80000,0x00000000fcf05c70,0x00000000fe280000)
  to   space 24064K, 0% used [0x00000000fb380000,0x00000000fb380000,0x00000000fcb00000)
 ParOldGen       total 85504K, used 48448K [0x00000000e0000000, 0x00000000e5380000, 0x00000000f5580000)
  object space 85504K, 56% used [0x00000000e0000000,0x00000000e2f50170,0x00000000e5380000)
 Metaspace       used 77909K, capacity 84756K, committed 84992K, reserved 1122304K
  class space    used 9790K, capacity 11910K, committed 12032K, reserved 1048576K
}
Event: 97.148 GC heap before
{Heap before GC invocations=25 (full 4):
 PSYoungGen      total 118784K, used 98839K [0x00000000f5580000, 0x00000000fe280000, 0x0000000100000000)
  eden space 96256K, 100% used [0x00000000f5580000,0x00000000fb380000,0x00000000fb380000)
  from space 22528K, 11% used [0x00000000fcc80000,0x00000000fcf05c70,0x00000000fe280000)
  to   space 24064K, 0% used [0x00000000fb380000,0x00000000fb380000,0x00000000fcb00000)
 ParOldGen       total 85504K, used 48448K [0x00000000e0000000, 0x00000000e5380000, 0x00000000f5580000)
  object space 85504K, 56% used [0x00000000e0000000,0x00000000e2f50170,0x00000000e5380000)
 Metaspace       used 77915K, capacity 84756K, committed 84992K, reserved 1122304K
  class space    used 9791K, capacity 11910K, committed 12032K, reserved 1048576K
Event: 97.152 GC heap after
Heap after GC invocations=25 (full 4):
 PSYoungGen      total 120320K, used 2311K [0x00000000f5580000, 0x00000000fe580000, 0x0000000100000000)
  eden space 96256K, 0% used [0x00000000f5580000,0x00000000f5580000,0x00000000fb380000)
  from space 24064K, 9% used [0x00000000fb380000,0x00000000fb5c1c80,0x00000000fcb00000)
  to   space 23552K, 0% used [0x00000000fce80000,0x00000000fce80000,0x00000000fe580000)
 ParOldGen       total 85504K, used 48448K [0x00000000e0000000, 0x00000000e5380000, 0x00000000f5580000)
  object space 85504K, 56% used [0x00000000e0000000,0x00000000e2f50170,0x00000000e5380000)
 Metaspace       used 77915K, capacity 84756K, committed 84992K, reserved 1122304K
  class space    used 9791K, capacity 11910K, committed 12032K, reserved 1048576K
}

