# JRE version: Java(TM) SE Runtime Environment (8.0_45-b15) (build 1.8.0_45-b15)
# Java VM: Java HotSpot(TM) 64-Bit Server VM (25.45-b02 mixed mode windows-amd64 compressed oops)
Heap:
 PSYoungGen      total 108032K, used 63604K [0x00000000f5580000, 0x00000000fd800000, 0x0000000100000000)
  eden space 88576K, 61% used [0x00000000f5580000,0x00000000f8acbdb0,0x00000000fac00000)
  from space 19456K, 46% used [0x00000000fc500000,0x00000000fcdd1610,0x00000000fd800000)
  to   space 22528K, 0% used [0x00000000fac00000,0x00000000fac00000,0x00000000fc200000)
 ParOldGen       total 85504K, used 46637K [0x00000000e0000000, 0x00000000e5380000, 0x00000000f5580000)
  object space 85504K, 54% used [0x00000000e0000000,0x00000000e2d8b4c0,0x00000000e5380000)
 Metaspace       used 77061K, capacity 83814K, committed 83968K, reserved 1122304K
  class space    used 9573K, capacity 11719K, committed 11776K, reserved 1048576K
GC Heap History (10 events):
Event: 16.475 GC heap before
{Heap before GC invocations=13 (full 2):
 PSYoungGen      total 72704K, used 18454K [0x00000000f5580000, 0x00000000fb600000, 0x0000000100000000)
  eden space 56320K, 3% used [0x00000000f5580000,0x00000000f578d4b0,0x00000000f8c80000)
  from space 16384K, 99% used [0x00000000fa000000,0x00000000faff8560,0x00000000fb000000)
  to   space 19968K, 0% used [0x00000000f8c80000,0x00000000f8c80000,0x00000000fa000000)
 ParOldGen       total 65024K, used 25698K [0x00000000e0000000, 0x00000000e3f80000, 0x00000000f5580000)
  object space 65024K, 39% used [0x00000000e0000000,0x00000000e1918948,0x00000000e3f80000)
 Metaspace       used 54453K, capacity 59062K, committed 59160K, reserved 1099776K
  class space    used 6651K, capacity 8044K, committed 8064K, reserved 1048576K
Event: 16.485 GC heap after
Heap after GC invocations=13 (full 2):
 PSYoungGen      total 76288K, used 12341K [0x00000000f5580000, 0x00000000fc900000, 0x0000000100000000)
  eden space 56320K, 0% used [0x00000000f5580000,0x00000000f5580000,0x00000000f8c80000)
  from space 19968K, 61% used [0x00000000f8c80000,0x00000000f988d428,0x00000000fa000000)
  to   space 19968K, 0% used [0x00000000fb580000,0x00000000fb580000,0x00000000fc900000)
 ParOldGen       total 65024K, used 25706K [0x00000000e0000000, 0x00000000e3f80000, 0x00000000f5580000)
  object space 65024K, 39% used [0x00000000e0000000,0x00000000e191a948,0x00000000e3f80000)
 Metaspace       used 54453K, capacity 59062K, committed 59160K, reserved 1099776K
  class space    used 6651K, capacity 8044K, committed 8064K, reserved 1048576K
}
Event: 16.485 GC heap before
{Heap before GC invocations=14 (full 3):
 PSYoungGen      total 76288K, used 12341K [0x00000000f5580000, 0x00000000fc900000, 0x0000000100000000)
  eden space 56320K, 0% used [0x00000000f5580000,0x00000000f5580000,0x00000000f8c80000)
  from space 19968K, 61% used [0x00000000f8c80000,0x00000000f988d428,0x00000000fa000000)
  to   space 19968K, 0% used [0x00000000fb580000,0x00000000fb580000,0x00000000fc900000)
 ParOldGen       total 65024K, used 25706K [0x00000000e0000000, 0x00000000e3f80000, 0x00000000f5580000)
  object space 65024K, 39% used [0x00000000e0000000,0x00000000e191a948,0x00000000e3f80000)
 Metaspace       used 54453K, capacity 59062K, committed 59160K, reserved 1099776K
  class space    used 6651K, capacity 8044K, committed 8064K, reserved 1048576K
Event: 16.729 GC heap after
Heap after GC invocations=14 (full 3):
 PSYoungGen      total 76288K, used 0K [0x00000000f5580000, 0x00000000fc900000, 0x0000000100000000)
  eden space 56320K, 0% used [0x00000000f5580000,0x00000000f5580000,0x00000000f8c80000)
  from space 19968K, 0% used [0x00000000f8c80000,0x00000000f8c80000,0x00000000fa000000)
  to   space 19968K, 0% used [0x00000000fb580000,0x00000000fb580000,0x00000000fc900000)
 ParOldGen       total 85504K, used 31755K [0x00000000e0000000, 0x00000000e5380000, 0x00000000f5580000)
  object space 85504K, 37% used [0x00000000e0000000,0x00000000e1f02e38,0x00000000e5380000)
 Metaspace       used 54453K, capacity 59062K, committed 59160K, reserved 1099776K
  class space    used 6651K, capacity 8044K, committed 8064K, reserved 1048576K
}
Event: 17.966 GC heap before
{Heap before GC invocations=15 (full 3):
 PSYoungGen      total 76288K, used 56320K [0x00000000f5580000, 0x00000000fc900000, 0x0000000100000000)
  eden space 56320K, 100% used [0x00000000f5580000,0x00000000f8c80000,0x00000000f8c80000)
  from space 19968K, 0% used [0x00000000f8c80000,0x00000000f8c80000,0x00000000fa000000)
  to   space 19968K, 0% used [0x00000000fb580000,0x00000000fb580000,0x00000000fc900000)
 ParOldGen       total 85504K, used 31755K [0x00000000e0000000, 0x00000000e5380000, 0x00000000f5580000)
  object space 85504K, 37% used [0x00000000e0000000,0x00000000e1f02e38,0x00000000e5380000)
 Metaspace       used 60306K, capacity 64854K, committed 65024K, reserved 1105920K
  class space    used 7478K, capacity 8867K, committed 8960K, reserved 1048576K
Event: 17.985 GC heap after
Heap after GC invocations=15 (full 3):
 PSYoungGen      total 86016K, used 11595K [0x00000000f5580000, 0x00000000fc280000, 0x0000000100000000)
  eden space 72704K, 0% used [0x00000000f5580000,0x00000000f5580000,0x00000000f9c80000)
  from space 13312K, 87% used [0x00000000fb580000,0x00000000fc0d2d00,0x00000000fc280000)
  to   space 19456K, 0% used [0x00000000f9c80000,0x00000000f9c80000,0x00000000faf80000)
 ParOldGen       total 85504K, used 31763K [0x00000000e0000000, 0x00000000e5380000, 0x00000000f5580000)
  object space 85504K, 37% used [0x00000000e0000000,0x00000000e1f04e38,0x00000000e5380000)
 Metaspace       used 60306K, capacity 64854K, committed 65024K, reserved 1105920K
  class space    used 7478K, capacity 8867K, committed 8960K, reserved 1048576K
}
Event: 30.283 GC heap before
{Heap before GC invocations=16 (full 3):
 PSYoungGen      total 86016K, used 84299K [0x00000000f5580000, 0x00000000fc280000, 0x0000000100000000)
  eden space 72704K, 100% used [0x00000000f5580000,0x00000000f9c80000,0x00000000f9c80000)
  from space 13312K, 87% used [0x00000000fb580000,0x00000000fc0d2d00,0x00000000fc280000)
  to   space 19456K, 0% used [0x00000000f9c80000,0x00000000f9c80000,0x00000000faf80000)
 ParOldGen       total 85504K, used 31763K [0x00000000e0000000, 0x00000000e5380000, 0x00000000f5580000)
  object space 85504K, 37% used [0x00000000e0000000,0x00000000e1f04e38,0x00000000e5380000)
 Metaspace       used 69680K, capacity 75352K, committed 75520K, reserved 1114112K
  class space    used 8692K, capacity 10386K, committed 10496K, reserved 1048576K
Event: 30.307 GC heap after
Heap after GC invocations=16 (full 3):
 PSYoungGen      total 92160K, used 19429K [0x00000000f5580000, 0x00000000fdb80000, 0x0000000100000000)
  eden space 72704K, 0% used [0x00000000f5580000,0x00000000f5580000,0x00000000f9c80000)
  from space 19456K, 99% used [0x00000000f9c80000,0x00000000faf79788,0x00000000faf80000)
  to   space 23040K, 0% used [0x00000000fc500000,0x00000000fc500000,0x00000000fdb80000)
 ParOldGen       total 85504K, used 34171K [0x00000000e0000000, 0x00000000e5380000, 0x00000000f5580000)
  object space 85504K, 39% used [0x00000000e0000000,0x00000000e215eea8,0x00000000e5380000)
 Metaspace       used 69680K, capacity 75352K, committed 75520K, reserved 1114112K
  class space    used 8692K, capacity 10386K, committed 10496K, reserved 1048576K
}
Event: 60.966 GC heap before
{Heap before GC invocations=17 (full 3):
 PSYoungGen      total 92160K, used 92133K [0x00000000f5580000, 0x00000000fdb80000, 0x0000000100000000)
  eden space 72704K, 100% used [0x00000000f5580000,0x00000000f9c80000,0x00000000f9c80000)
  from space 19456K, 99% used [0x00000000f9c80000,0x00000000faf79788,0x00000000faf80000)
  to   space 23040K, 0% used [0x00000000fc500000,0x00000000fc500000,0x00000000fdb80000)
 ParOldGen       total 85504K, used 34171K [0x00000000e0000000, 0x00000000e5380000, 0x00000000f5580000)
  object space 85504K, 39% used [0x00000000e0000000,0x00000000e215eea8,0x00000000e5380000)
 Metaspace       used 74573K, capacity 80832K, committed 81024K, reserved 1118208K
  class space    used 9304K, capacity 11267K, committed 11392K, reserved 1048576K
Event: 60.990 GC heap after
Heap after GC invocations=17 (full 3):
 PSYoungGen      total 108032K, used 9029K [0x00000000f5580000, 0x00000000fd800000, 0x0000000100000000)
  eden space 88576K, 0% used [0x00000000f5580000,0x00000000f5580000,0x00000000fac00000)
  from space 19456K, 46% used [0x00000000fc500000,0x00000000fcdd1610,0x00000000fd800000)
  to   space 22528K, 0% used [0x00000000fac00000,0x00000000fac00000,0x00000000fc200000)
 ParOldGen       total 85504K, used 46637K [0x00000000e0000000, 0x00000000e5380000, 0x00000000f5580000)
  object space 85504K, 54% used [0x00000000e0000000,0x00000000e2d8b4c0,0x00000000e5380000)
 Metaspace       used 74573K, capacity 80832K, committed 81024K, reserved 1118208K
  class space    used 9304K, capacity 11267K, committed 11392K, reserved 1048576K
}

