# JRE version: Java(TM) SE Runtime Environment (8.0_45-b15) (build 1.8.0_45-b15)
# Java VM: Java HotSpot(TM) 64-Bit Server VM (25.45-b02 mixed mode windows-amd64 compressed oops)
Heap:
 PSYoungGen      total 174080K, used 79184K [0x00000000f5580000, 0x0000000100000000, 0x0000000100000000)
  eden space 173568K, 45% used [0x00000000f5580000,0x00000000fa29e600,0x00000000fff00000)
  from space 512K, 42% used [0x00000000fff00000,0x00000000fff35ce0,0x00000000fff80000)
  to   space 512K, 0% used [0x00000000fff80000,0x00000000fff80000,0x0000000100000000)
 ParOldGen       total 89600K, used 40226K [0x00000000e0000000, 0x00000000e5780000, 0x00000000f5580000)
  object space 89600K, 44% used [0x00000000e0000000,0x00000000e2748bc8,0x00000000e5780000)
 Metaspace       used 81254K, capacity 87572K, committed 87808K, reserved 1124352K
  class space    used 9883K, capacity 11918K, committed 12032K, reserved 1048576K
GC Heap History (10 events):
Event: 2834.755 GC heap before
{Heap before GC invocations=378 (full 49):
 PSYoungGen      total 174080K, used 128K [0x00000000f5580000, 0x0000000100000000, 0x0000000100000000)
  eden space 173568K, 0% used [0x00000000f5580000,0x00000000f5580000,0x00000000fff00000)
  from space 512K, 25% used [0x00000000fff00000,0x00000000fff20000,0x00000000fff80000)
  to   space 512K, 0% used [0x00000000fff80000,0x00000000fff80000,0x0000000100000000)
 ParOldGen       total 89600K, used 40226K [0x00000000e0000000, 0x00000000e5780000, 0x00000000f5580000)
  object space 89600K, 44% used [0x00000000e0000000,0x00000000e2748b98,0x00000000e5780000)
 Metaspace       used 80382K, capacity 86680K, committed 86912K, reserved 1124352K
  class space    used 9789K, capacity 11818K, committed 11904K, reserved 1048576K
Event: 2835.116 GC heap after
Heap after GC invocations=378 (full 49):
 PSYoungGen      total 174080K, used 0K [0x00000000f5580000, 0x0000000100000000, 0x0000000100000000)
  eden space 173568K, 0% used [0x00000000f5580000,0x00000000f5580000,0x00000000fff00000)
  from space 512K, 0% used [0x00000000fff00000,0x00000000fff00000,0x00000000fff80000)
  to   space 512K, 0% used [0x00000000fff80000,0x00000000fff80000,0x0000000100000000)
 ParOldGen       total 89600K, used 40226K [0x00000000e0000000, 0x00000000e5780000, 0x00000000f5580000)
  object space 89600K, 44% used [0x00000000e0000000,0x00000000e2748bc8,0x00000000e5780000)
 Metaspace       used 80382K, capacity 86680K, committed 86912K, reserved 1124352K
  class space    used 9789K, capacity 11818K, committed 11904K, reserved 1048576K
}
Event: 2846.484 GC heap before
{Heap before GC invocations=379 (full 49):
 PSYoungGen      total 174080K, used 173568K [0x00000000f5580000, 0x0000000100000000, 0x0000000100000000)
  eden space 173568K, 100% used [0x00000000f5580000,0x00000000fff00000,0x00000000fff00000)
  from space 512K, 0% used [0x00000000fff00000,0x00000000fff00000,0x00000000fff80000)
  to   space 512K, 0% used [0x00000000fff80000,0x00000000fff80000,0x0000000100000000)
 ParOldGen       total 89600K, used 40226K [0x00000000e0000000, 0x00000000e5780000, 0x00000000f5580000)
  object space 89600K, 44% used [0x00000000e0000000,0x00000000e2748bc8,0x00000000e5780000)
 Metaspace       used 80382K, capacity 86680K, committed 86912K, reserved 1124352K
  class space    used 9789K, capacity 11818K, committed 11904K, reserved 1048576K
Event: 2846.518 GC heap after
Heap after GC invocations=379 (full 49):
 PSYoungGen      total 174080K, used 160K [0x00000000f5580000, 0x0000000100000000, 0x0000000100000000)
  eden space 173568K, 0% used [0x00000000f5580000,0x00000000f5580000,0x00000000fff00000)
  from space 512K, 31% used [0x00000000fff80000,0x00000000fffa8000,0x0000000100000000)
  to   space 512K, 0% used [0x00000000fff00000,0x00000000fff00000,0x00000000fff80000)
 ParOldGen       total 89600K, used 40226K [0x00000000e0000000, 0x00000000e5780000, 0x00000000f5580000)
  object space 89600K, 44% used [0x00000000e0000000,0x00000000e2748bc8,0x00000000e5780000)
 Metaspace       used 80382K, capacity 86680K, committed 86912K, reserved 1124352K
  class space    used 9789K, capacity 11818K, committed 11904K, reserved 1048576K
}
Event: 2857.479 GC heap before
{Heap before GC invocations=380 (full 49):
 PSYoungGen      total 174080K, used 173728K [0x00000000f5580000, 0x0000000100000000, 0x0000000100000000)
  eden space 173568K, 100% used [0x00000000f5580000,0x00000000fff00000,0x00000000fff00000)
  from space 512K, 31% used [0x00000000fff80000,0x00000000fffa8000,0x0000000100000000)
  to   space 512K, 0% used [0x00000000fff00000,0x00000000fff00000,0x00000000fff80000)
 ParOldGen       total 89600K, used 40226K [0x00000000e0000000, 0x00000000e5780000, 0x00000000f5580000)
  object space 89600K, 44% used [0x00000000e0000000,0x00000000e2748bc8,0x00000000e5780000)
 Metaspace       used 80382K, capacity 86680K, committed 86912K, reserved 1124352K
  class space    used 9789K, capacity 11818K, committed 11904K, reserved 1048576K
Event: 2857.482 GC heap after
Heap after GC invocations=380 (full 49):
 PSYoungGen      total 174080K, used 128K [0x00000000f5580000, 0x0000000100000000, 0x0000000100000000)
  eden space 173568K, 0% used [0x00000000f5580000,0x00000000f5580000,0x00000000fff00000)
  from space 512K, 25% used [0x00000000fff00000,0x00000000fff20000,0x00000000fff80000)
  to   space 512K, 0% used [0x00000000fff80000,0x00000000fff80000,0x0000000100000000)
 ParOldGen       total 89600K, used 40226K [0x00000000e0000000, 0x00000000e5780000, 0x00000000f5580000)
  object space 89600K, 44% used [0x00000000e0000000,0x00000000e2748bc8,0x00000000e5780000)
 Metaspace       used 80382K, capacity 86680K, committed 86912K, reserved 1124352K
  class space    used 9789K, capacity 11818K, committed 11904K, reserved 1048576K
}
Event: 2868.356 GC heap before
{Heap before GC invocations=381 (full 49):
 PSYoungGen      total 174080K, used 173696K [0x00000000f5580000, 0x0000000100000000, 0x0000000100000000)
  eden space 173568K, 100% used [0x00000000f5580000,0x00000000fff00000,0x00000000fff00000)
  from space 512K, 25% used [0x00000000fff00000,0x00000000fff20000,0x00000000fff80000)
  to   space 512K, 0% used [0x00000000fff80000,0x00000000fff80000,0x0000000100000000)
 ParOldGen       total 89600K, used 40226K [0x00000000e0000000, 0x00000000e5780000, 0x00000000f5580000)
  object space 89600K, 44% used [0x00000000e0000000,0x00000000e2748bc8,0x00000000e5780000)
 Metaspace       used 80388K, capacity 86680K, committed 86912K, reserved 1124352K
  class space    used 9789K, capacity 11818K, committed 11904K, reserved 1048576K
Event: 2868.358 GC heap after
Heap after GC invocations=381 (full 49):
 PSYoungGen      total 174080K, used 128K [0x00000000f5580000, 0x0000000100000000, 0x0000000100000000)
  eden space 173568K, 0% used [0x00000000f5580000,0x00000000f5580000,0x00000000fff00000)
  from space 512K, 25% used [0x00000000fff80000,0x00000000fffa0000,0x0000000100000000)
  to   space 512K, 0% used [0x00000000fff00000,0x00000000fff00000,0x00000000fff80000)
 ParOldGen       total 89600K, used 40226K [0x00000000e0000000, 0x00000000e5780000, 0x00000000f5580000)
  object space 89600K, 44% used [0x00000000e0000000,0x00000000e2748bc8,0x00000000e5780000)
 Metaspace       used 80388K, capacity 86680K, committed 86912K, reserved 1124352K
  class space    used 9789K, capacity 11818K, committed 11904K, reserved 1048576K
}
Event: 2878.657 GC heap before
{Heap before GC invocations=382 (full 49):
 PSYoungGen      total 174080K, used 173696K [0x00000000f5580000, 0x0000000100000000, 0x0000000100000000)
  eden space 173568K, 100% used [0x00000000f5580000,0x00000000fff00000,0x00000000fff00000)
  from space 512K, 25% used [0x00000000fff80000,0x00000000fffa0000,0x0000000100000000)
  to   space 512K, 0% used [0x00000000fff00000,0x00000000fff00000,0x00000000fff80000)
 ParOldGen       total 89600K, used 40226K [0x00000000e0000000, 0x00000000e5780000, 0x00000000f5580000)
  object space 89600K, 44% used [0x00000000e0000000,0x00000000e2748bc8,0x00000000e5780000)
 Metaspace       used 80405K, capacity 86680K, committed 86912K, reserved 1124352K
  class space    used 9790K, capacity 11818K, committed 11904K, reserved 1048576K
Event: 2878.660 GC heap after
Heap after GC invocations=382 (full 49):
 PSYoungGen      total 174080K, used 215K [0x00000000f5580000, 0x0000000100000000, 0x0000000100000000)
  eden space 173568K, 0% used [0x00000000f5580000,0x00000000f5580000,0x00000000fff00000)
  from space 512K, 42% used [0x00000000fff00000,0x00000000fff35ce0,0x00000000fff80000)
  to   space 512K, 0% used [0x00000000fff80000,0x00000000fff80000,0x0000000100000000)
 ParOldGen       total 89600K, used 40226K [0x00000000e0000000, 0x00000000e5780000, 0x00000000f5580000)
  object space 89600K, 44% used [0x00000000e0000000,0x00000000e2748bc8,0x00000000e5780000)
 Metaspace       used 80405K, capacity 86680K, committed 86912K, reserved 1124352K
  class space    used 9790K, capacity 11818K, committed 11904K, reserved 1048576K
}

