# JRE version: Java(TM) SE Runtime Environment (8.0_45-b15) (build 1.8.0_45-b15)
# Java VM: Java HotSpot(TM) 64-Bit Server VM (25.45-b02 mixed mode windows-amd64 compressed oops)
Heap:
 PSYoungGen      total 126976K, used 36203K [0x00000000f5580000, 0x00000000fef00000, 0x0000000100000000)
  eden space 98304K, 36% used [0x00000000f5580000,0x00000000f78daf30,0x00000000fb580000)
  from space 28672K, 0% used [0x00000000fd200000,0x00000000fd200000,0x00000000fee00000)
  to   space 29184K, 0% used [0x00000000fb580000,0x00000000fb580000,0x00000000fd200000)
 ParOldGen       total 75264K, used 55495K [0x00000000e0000000, 0x00000000e4980000, 0x00000000f5580000)
  object space 75264K, 73% used [0x00000000e0000000,0x00000000e3631cd8,0x00000000e4980000)
 Metaspace       used 80545K, capacity 87072K, committed 87296K, reserved 1124352K
  class space    used 9950K, capacity 11940K, committed 12032K, reserved 1048576K
GC Heap History (10 events):
Event: 82.415 GC heap before
{Heap before GC invocations=20 (full 4):
 PSYoungGen      total 124928K, used 20695K [0x00000000f5580000, 0x00000000fef00000, 0x0000000100000000)
  eden space 97280K, 0% used [0x00000000f5580000,0x00000000f5580000,0x00000000fb480000)
  from space 27648K, 74% used [0x00000000fd100000,0x00000000fe535c50,0x00000000fec00000)
  to   space 29184K, 0% used [0x00000000fb480000,0x00000000fb480000,0x00000000fd100000)
 ParOldGen       total 75264K, used 34425K [0x00000000e0000000, 0x00000000e4980000, 0x00000000f5580000)
  object space 75264K, 45% used [0x00000000e0000000,0x00000000e219e758,0x00000000e4980000)
 Metaspace       used 74615K, capacity 80386K, committed 80512K, reserved 1118208K
  class space    used 9210K, capacity 11123K, committed 11136K, reserved 1048576K
Event: 82.790 GC heap after
Heap after GC invocations=20 (full 4):
 PSYoungGen      total 124928K, used 0K [0x00000000f5580000, 0x00000000fef00000, 0x0000000100000000)
  eden space 97280K, 0% used [0x00000000f5580000,0x00000000f5580000,0x00000000fb480000)
  from space 27648K, 0% used [0x00000000fd100000,0x00000000fd100000,0x00000000fec00000)
  to   space 29184K, 0% used [0x00000000fb480000,0x00000000fb480000,0x00000000fd100000)
 ParOldGen       total 75264K, used 52345K [0x00000000e0000000, 0x00000000e4980000, 0x00000000f5580000)
  object space 75264K, 69% used [0x00000000e0000000,0x00000000e331e488,0x00000000e4980000)
 Metaspace       used 74615K, capacity 80386K, committed 80512K, reserved 1118208K
  class space    used 9210K, capacity 11123K, committed 11136K, reserved 1048576K
}
Event: 167.356 GC heap before
{Heap before GC invocations=21 (full 4):
 PSYoungGen      total 124928K, used 80042K [0x00000000f5580000, 0x00000000fef00000, 0x0000000100000000)
  eden space 97280K, 82% used [0x00000000f5580000,0x00000000fa3aa9b0,0x00000000fb480000)
  from space 27648K, 0% used [0x00000000fd100000,0x00000000fd100000,0x00000000fec00000)
  to   space 29184K, 0% used [0x00000000fb480000,0x00000000fb480000,0x00000000fd100000)
 ParOldGen       total 75264K, used 52345K [0x00000000e0000000, 0x00000000e4980000, 0x00000000f5580000)
  object space 75264K, 69% used [0x00000000e0000000,0x00000000e331e488,0x00000000e4980000)
 Metaspace       used 79308K, capacity 85420K, committed 85504K, reserved 1122304K
  class space    used 9822K, capacity 11775K, committed 11776K, reserved 1048576K
Event: 167.380 GC heap after
Heap after GC invocations=21 (full 4):
 PSYoungGen      total 126464K, used 8489K [0x00000000f5580000, 0x00000000fee00000, 0x0000000100000000)
  eden space 97280K, 0% used [0x00000000f5580000,0x00000000f5580000,0x00000000fb480000)
  from space 29184K, 29% used [0x00000000fb480000,0x00000000fbcca4f0,0x00000000fd100000)
  to   space 28672K, 0% used [0x00000000fd200000,0x00000000fd200000,0x00000000fee00000)
 ParOldGen       total 75264K, used 52353K [0x00000000e0000000, 0x00000000e4980000, 0x00000000f5580000)
  object space 75264K, 69% used [0x00000000e0000000,0x00000000e3320488,0x00000000e4980000)
 Metaspace       used 79308K, capacity 85420K, committed 85504K, reserved 1122304K
  class space    used 9822K, capacity 11775K, committed 11776K, reserved 1048576K
}
Event: 167.380 GC heap before
{Heap before GC invocations=22 (full 5):
 PSYoungGen      total 126464K, used 8489K [0x00000000f5580000, 0x00000000fee00000, 0x0000000100000000)
  eden space 97280K, 0% used [0x00000000f5580000,0x00000000f5580000,0x00000000fb480000)
  from space 29184K, 29% used [0x00000000fb480000,0x00000000fbcca4f0,0x00000000fd100000)
  to   space 28672K, 0% used [0x00000000fd200000,0x00000000fd200000,0x00000000fee00000)
 ParOldGen       total 75264K, used 52353K [0x00000000e0000000, 0x00000000e4980000, 0x00000000f5580000)
  object space 75264K, 69% used [0x00000000e0000000,0x00000000e3320488,0x00000000e4980000)
 Metaspace       used 79308K, capacity 85420K, committed 85504K, reserved 1122304K
  class space    used 9822K, capacity 11775K, committed 11776K, reserved 1048576K
Event: 167.829 GC heap after
Heap after GC invocations=22 (full 5):
 PSYoungGen      total 126464K, used 0K [0x00000000f5580000, 0x00000000fee00000, 0x0000000100000000)
  eden space 97280K, 0% used [0x00000000f5580000,0x00000000f5580000,0x00000000fb480000)
  from space 29184K, 0% used [0x00000000fb480000,0x00000000fb480000,0x00000000fd100000)
  to   space 28672K, 0% used [0x00000000fd200000,0x00000000fd200000,0x00000000fee00000)
 ParOldGen       total 75264K, used 59407K [0x00000000e0000000, 0x00000000e4980000, 0x00000000f5580000)
  object space 75264K, 78% used [0x00000000e0000000,0x00000000e3a03d00,0x00000000e4980000)
 Metaspace       used 79308K, capacity 85420K, committed 85504K, reserved 1122304K
  class space    used 9822K, capacity 11775K, committed 11776K, reserved 1048576K
}
Event: 227.357 GC heap before
{Heap before GC invocations=23 (full 5):
 PSYoungGen      total 126464K, used 4728K [0x00000000f5580000, 0x00000000fee00000, 0x0000000100000000)
  eden space 97280K, 4% used [0x00000000f5580000,0x00000000f5a1e3c8,0x00000000fb480000)
  from space 29184K, 0% used [0x00000000fb480000,0x00000000fb480000,0x00000000fd100000)
  to   space 28672K, 0% used [0x00000000fd200000,0x00000000fd200000,0x00000000fee00000)
 ParOldGen       total 75264K, used 59407K [0x00000000e0000000, 0x00000000e4980000, 0x00000000f5580000)
  object space 75264K, 78% used [0x00000000e0000000,0x00000000e3a03d00,0x00000000e4980000)
 Metaspace       used 79318K, capacity 85420K, committed 85504K, reserved 1122304K
  class space    used 9823K, capacity 11775K, committed 11776K, reserved 1048576K
Event: 227.362 GC heap after
Heap after GC invocations=23 (full 5):
 PSYoungGen      total 126976K, used 160K [0x00000000f5580000, 0x00000000fef00000, 0x0000000100000000)
  eden space 98304K, 0% used [0x00000000f5580000,0x00000000f5580000,0x00000000fb580000)
  from space 28672K, 0% used [0x00000000fd200000,0x00000000fd228000,0x00000000fee00000)
  to   space 29184K, 0% used [0x00000000fb580000,0x00000000fb580000,0x00000000fd200000)
 ParOldGen       total 75264K, used 59415K [0x00000000e0000000, 0x00000000e4980000, 0x00000000f5580000)
  object space 75264K, 78% used [0x00000000e0000000,0x00000000e3a05d00,0x00000000e4980000)
 Metaspace       used 79318K, capacity 85420K, committed 85504K, reserved 1122304K
  class space    used 9823K, capacity 11775K, committed 11776K, reserved 1048576K
}
Event: 227.362 GC heap before
{Heap before GC invocations=24 (full 6):
 PSYoungGen      total 126976K, used 160K [0x00000000f5580000, 0x00000000fef00000, 0x0000000100000000)
  eden space 98304K, 0% used [0x00000000f5580000,0x00000000f5580000,0x00000000fb580000)
  from space 28672K, 0% used [0x00000000fd200000,0x00000000fd228000,0x00000000fee00000)
  to   space 29184K, 0% used [0x00000000fb580000,0x00000000fb580000,0x00000000fd200000)
 ParOldGen       total 75264K, used 59415K [0x00000000e0000000, 0x00000000e4980000, 0x00000000f5580000)
  object space 75264K, 78% used [0x00000000e0000000,0x00000000e3a05d00,0x00000000e4980000)
 Metaspace       used 79318K, capacity 85420K, committed 85504K, reserved 1122304K
  class space    used 9823K, capacity 11775K, committed 11776K, reserved 1048576K
Event: 227.728 GC heap after
Heap after GC invocations=24 (full 6):
 PSYoungGen      total 126976K, used 0K [0x00000000f5580000, 0x00000000fef00000, 0x0000000100000000)
  eden space 98304K, 0% used [0x00000000f5580000,0x00000000f5580000,0x00000000fb580000)
  from space 28672K, 0% used [0x00000000fd200000,0x00000000fd200000,0x00000000fee00000)
  to   space 29184K, 0% used [0x00000000fb580000,0x00000000fb580000,0x00000000fd200000)
 ParOldGen       total 75264K, used 55495K [0x00000000e0000000, 0x00000000e4980000, 0x00000000f5580000)
  object space 75264K, 73% used [0x00000000e0000000,0x00000000e3631cd8,0x00000000e4980000)
 Metaspace       used 79318K, capacity 85420K, committed 85504K, reserved 1122304K
  class space    used 9823K, capacity 11775K, committed 11776K, reserved 1048576K
}

