# JRE version: Java(TM) SE Runtime Environment (8.0_45-b15) (build 1.8.0_45-b15)
# Java VM: Java HotSpot(TM) 64-Bit Server VM (25.45-b02 mixed mode windows-amd64 compressed oops)
Heap:
 PSYoungGen      total 133632K, used 33327K [0x00000000f5580000, 0x0000000100000000, 0x0000000100000000)
  eden space 132608K, 25% used [0x00000000f5580000,0x00000000f760bda8,0x00000000fd700000)
  from space 1024K, 0% used [0x00000000fd700000,0x00000000fd700000,0x00000000fd800000)
  to   space 21504K, 0% used [0x00000000feb00000,0x00000000feb00000,0x0000000100000000)
 ParOldGen       total 75776K, used 51442K [0x00000000e0000000, 0x00000000e4a00000, 0x00000000f5580000)
  object space 75776K, 67% used [0x00000000e0000000,0x00000000e323ca88,0x00000000e4a00000)
 Metaspace       used 80420K, capacity 86866K, committed 87040K, reserved 1124352K
  class space    used 9922K, capacity 11969K, committed 12032K, reserved 1048576K
GC Heap History (10 events):
Event: 85.536 GC heap before
{Heap before GC invocations=18 (full 3):
 PSYoungGen      total 129536K, used 124060K [0x00000000f5580000, 0x00000000feb80000, 0x0000000100000000)
  eden space 110592K, 100% used [0x00000000f5580000,0x00000000fc180000,0x00000000fc180000)
  from space 18944K, 71% used [0x00000000fd900000,0x00000000fe627120,0x00000000feb80000)
  to   space 21504K, 0% used [0x00000000fc180000,0x00000000fc180000,0x00000000fd680000)
 ParOldGen       total 75776K, used 40787K [0x00000000e0000000, 0x00000000e4a00000, 0x00000000f5580000)
  object space 75776K, 53% used [0x00000000e0000000,0x00000000e27d4f00,0x00000000e4a00000)
 Metaspace       used 76783K, capacity 82810K, committed 82944K, reserved 1120256K
  class space    used 9551K, capacity 11471K, committed 11520K, reserved 1048576K
Event: 85.562 GC heap after
Heap after GC invocations=18 (full 3):
 PSYoungGen      total 132096K, used 7752K [0x00000000f5580000, 0x0000000100000000, 0x0000000100000000)
  eden space 110592K, 0% used [0x00000000f5580000,0x00000000f5580000,0x00000000fc180000)
  from space 21504K, 36% used [0x00000000fc180000,0x00000000fc912080,0x00000000fd680000)
  to   space 20992K, 0% used [0x00000000feb80000,0x00000000feb80000,0x0000000100000000)
 ParOldGen       total 75776K, used 49999K [0x00000000e0000000, 0x00000000e4a00000, 0x00000000f5580000)
  object space 75776K, 65% used [0x00000000e0000000,0x00000000e30d3d20,0x00000000e4a00000)
 Metaspace       used 76783K, capacity 82810K, committed 82944K, reserved 1120256K
  class space    used 9551K, capacity 11471K, committed 11520K, reserved 1048576K
}
Event: 118.587 GC heap before
{Heap before GC invocations=19 (full 3):
 PSYoungGen      total 132096K, used 82454K [0x00000000f5580000, 0x0000000100000000, 0x0000000100000000)
  eden space 110592K, 67% used [0x00000000f5580000,0x00000000f9e738a8,0x00000000fc180000)
  from space 21504K, 36% used [0x00000000fc180000,0x00000000fc912080,0x00000000fd680000)
  to   space 20992K, 0% used [0x00000000feb80000,0x00000000feb80000,0x0000000100000000)
 ParOldGen       total 75776K, used 49999K [0x00000000e0000000, 0x00000000e4a00000, 0x00000000f5580000)
  object space 75776K, 65% used [0x00000000e0000000,0x00000000e30d3d20,0x00000000e4a00000)
 Metaspace       used 78851K, capacity 85068K, committed 85248K, reserved 1122304K
  class space    used 9769K, capacity 11737K, committed 11776K, reserved 1048576K
Event: 118.595 GC heap after
Heap after GC invocations=19 (full 3):
 PSYoungGen      total 153600K, used 3560K [0x00000000f5580000, 0x0000000100000000, 0x0000000100000000)
  eden space 132608K, 0% used [0x00000000f5580000,0x00000000f5580000,0x00000000fd700000)
  from space 20992K, 16% used [0x00000000feb80000,0x00000000feefa050,0x0000000100000000)
  to   space 20992K, 0% used [0x00000000fd700000,0x00000000fd700000,0x00000000feb80000)
 ParOldGen       total 75776K, used 53396K [0x00000000e0000000, 0x00000000e4a00000, 0x00000000f5580000)
  object space 75776K, 70% used [0x00000000e0000000,0x00000000e3425100,0x00000000e4a00000)
 Metaspace       used 78851K, capacity 85068K, committed 85248K, reserved 1122304K
  class space    used 9769K, capacity 11737K, committed 11776K, reserved 1048576K
}
Event: 118.595 GC heap before
{Heap before GC invocations=20 (full 4):
 PSYoungGen      total 153600K, used 3560K [0x00000000f5580000, 0x0000000100000000, 0x0000000100000000)
  eden space 132608K, 0% used [0x00000000f5580000,0x00000000f5580000,0x00000000fd700000)
  from space 20992K, 16% used [0x00000000feb80000,0x00000000feefa050,0x0000000100000000)
  to   space 20992K, 0% used [0x00000000fd700000,0x00000000fd700000,0x00000000feb80000)
 ParOldGen       total 75776K, used 53396K [0x00000000e0000000, 0x00000000e4a00000, 0x00000000f5580000)
  object space 75776K, 70% used [0x00000000e0000000,0x00000000e3425100,0x00000000e4a00000)
 Metaspace       used 78851K, capacity 85068K, committed 85248K, reserved 1122304K
  class space    used 9769K, capacity 11737K, committed 11776K, reserved 1048576K
Event: 119.025 GC heap after
Heap after GC invocations=20 (full 4):
 PSYoungGen      total 153600K, used 0K [0x00000000f5580000, 0x0000000100000000, 0x0000000100000000)
  eden space 132608K, 0% used [0x00000000f5580000,0x00000000f5580000,0x00000000fd700000)
  from space 20992K, 0% used [0x00000000feb80000,0x00000000feb80000,0x0000000100000000)
  to   space 20992K, 0% used [0x00000000fd700000,0x00000000fd700000,0x00000000feb80000)
 ParOldGen       total 75776K, used 52626K [0x00000000e0000000, 0x00000000e4a00000, 0x00000000f5580000)
  object space 75776K, 69% used [0x00000000e0000000,0x00000000e3364b30,0x00000000e4a00000)
 Metaspace       used 78851K, capacity 85068K, committed 85248K, reserved 1122304K
  class space    used 9769K, capacity 11737K, committed 11776K, reserved 1048576K
}
Event: 178.595 GC heap before
{Heap before GC invocations=21 (full 4):
 PSYoungGen      total 153600K, used 13968K [0x00000000f5580000, 0x0000000100000000, 0x0000000100000000)
  eden space 132608K, 10% used [0x00000000f5580000,0x00000000f63243e8,0x00000000fd700000)
  from space 20992K, 0% used [0x00000000feb80000,0x00000000feb80000,0x0000000100000000)
  to   space 20992K, 0% used [0x00000000fd700000,0x00000000fd700000,0x00000000feb80000)
 ParOldGen       total 75776K, used 52626K [0x00000000e0000000, 0x00000000e4a00000, 0x00000000f5580000)
  object space 75776K, 69% used [0x00000000e0000000,0x00000000e3364b30,0x00000000e4a00000)
 Metaspace       used 79203K, capacity 85310K, committed 85504K, reserved 1122304K
  class space    used 9793K, capacity 11772K, committed 11776K, reserved 1048576K
Event: 178.626 GC heap after
Heap after GC invocations=21 (full 4):
 PSYoungGen      total 133632K, used 640K [0x00000000f5580000, 0x0000000100000000, 0x0000000100000000)
  eden space 132608K, 0% used [0x00000000f5580000,0x00000000f5580000,0x00000000fd700000)
  from space 1024K, 62% used [0x00000000fd700000,0x00000000fd7a0000,0x00000000fd800000)
  to   space 21504K, 0% used [0x00000000feb00000,0x00000000feb00000,0x0000000100000000)
 ParOldGen       total 75776K, used 52634K [0x00000000e0000000, 0x00000000e4a00000, 0x00000000f5580000)
  object space 75776K, 69% used [0x00000000e0000000,0x00000000e3366b30,0x00000000e4a00000)
 Metaspace       used 79203K, capacity 85310K, committed 85504K, reserved 1122304K
  class space    used 9793K, capacity 11772K, committed 11776K, reserved 1048576K
}
Event: 178.626 GC heap before
{Heap before GC invocations=22 (full 5):
 PSYoungGen      total 133632K, used 640K [0x00000000f5580000, 0x0000000100000000, 0x0000000100000000)
  eden space 132608K, 0% used [0x00000000f5580000,0x00000000f5580000,0x00000000fd700000)
  from space 1024K, 62% used [0x00000000fd700000,0x00000000fd7a0000,0x00000000fd800000)
  to   space 21504K, 0% used [0x00000000feb00000,0x00000000feb00000,0x0000000100000000)
 ParOldGen       total 75776K, used 52634K [0x00000000e0000000, 0x00000000e4a00000, 0x00000000f5580000)
  object space 75776K, 69% used [0x00000000e0000000,0x00000000e3366b30,0x00000000e4a00000)
 Metaspace       used 79203K, capacity 85310K, committed 85504K, reserved 1122304K
  class space    used 9793K, capacity 11772K, committed 11776K, reserved 1048576K
Event: 179.137 GC heap after
Heap after GC invocations=22 (full 5):
 PSYoungGen      total 133632K, used 0K [0x00000000f5580000, 0x0000000100000000, 0x0000000100000000)
  eden space 132608K, 0% used [0x00000000f5580000,0x00000000f5580000,0x00000000fd700000)
  from space 1024K, 0% used [0x00000000fd700000,0x00000000fd700000,0x00000000fd800000)
  to   space 21504K, 0% used [0x00000000feb00000,0x00000000feb00000,0x0000000100000000)
 ParOldGen       total 75776K, used 51442K [0x00000000e0000000, 0x00000000e4a00000, 0x00000000f5580000)
  object space 75776K, 67% used [0x00000000e0000000,0x00000000e323ca88,0x00000000e4a00000)
 Metaspace       used 79203K, capacity 85310K, committed 85504K, reserved 1122304K
  class space    used 9793K, capacity 11772K, committed 11776K, reserved 1048576K
}

