# JRE version: Java(TM) SE Runtime Environment (8.0_45-b15) (build 1.8.0_45-b15)
# Java VM: Java HotSpot(TM) 64-Bit Server VM (25.45-b02 mixed mode windows-amd64 compressed oops)
Heap:
 PSYoungGen      total 90624K, used 39246K [0x00000000f5580000, 0x00000000fd280000, 0x0000000100000000)
  eden space 69632K, 26% used [0x00000000f5580000,0x00000000f67c4dd0,0x00000000f9980000)
  from space 20992K, 97% used [0x00000000fbe00000,0x00000000fd20eae8,0x00000000fd280000)
  to   space 28672K, 0% used [0x00000000f9a80000,0x00000000f9a80000,0x00000000fb680000)
 ParOldGen       total 90112K, used 33016K [0x00000000e0000000, 0x00000000e5800000, 0x00000000f5580000)
  object space 90112K, 36% used [0x00000000e0000000,0x00000000e203e370,0x00000000e5800000)
 Metaspace       used 79431K, capacity 86130K, committed 86400K, reserved 1124352K
  class space    used 9876K, capacity 12057K, committed 12160K, reserved 1048576K
GC Heap History (10 events):
Event: 14.991 GC heap before
{Heap before GC invocations=15 (full 3):
 PSYoungGen      total 72704K, used 53248K [0x00000000f5580000, 0x00000000fc100000, 0x0000000100000000)
  eden space 53248K, 100% used [0x00000000f5580000,0x00000000f8980000,0x00000000f8980000)
  from space 19456K, 0% used [0x00000000f8980000,0x00000000f8980000,0x00000000f9c80000)
  to   space 19968K, 0% used [0x00000000fad80000,0x00000000fad80000,0x00000000fc100000)
 ParOldGen       total 90112K, used 32976K [0x00000000e0000000, 0x00000000e5800000, 0x00000000f5580000)
  object space 90112K, 36% used [0x00000000e0000000,0x00000000e2034370,0x00000000e5800000)
 Metaspace       used 61756K, capacity 66854K, committed 67072K, reserved 1107968K
  class space    used 7667K, capacity 9147K, committed 9216K, reserved 1048576K
Event: 15.009 GC heap after
Heap after GC invocations=15 (full 3):
 PSYoungGen      total 76800K, used 12345K [0x00000000f5580000, 0x00000000fba80000, 0x0000000100000000)
  eden space 63488K, 0% used [0x00000000f5580000,0x00000000f5580000,0x00000000f9380000)
  from space 13312K, 92% used [0x00000000fad80000,0x00000000fb98e5e8,0x00000000fba80000)
  to   space 19968K, 0% used [0x00000000f9380000,0x00000000f9380000,0x00000000fa700000)
 ParOldGen       total 90112K, used 32984K [0x00000000e0000000, 0x00000000e5800000, 0x00000000f5580000)
  object space 90112K, 36% used [0x00000000e0000000,0x00000000e2036370,0x00000000e5800000)
 Metaspace       used 61756K, capacity 66854K, committed 67072K, reserved 1107968K
  class space    used 7667K, capacity 9147K, committed 9216K, reserved 1048576K
}
Event: 16.790 GC heap before
{Heap before GC invocations=16 (full 3):
 PSYoungGen      total 76800K, used 75833K [0x00000000f5580000, 0x00000000fba80000, 0x0000000100000000)
  eden space 63488K, 100% used [0x00000000f5580000,0x00000000f9380000,0x00000000f9380000)
  from space 13312K, 92% used [0x00000000fad80000,0x00000000fb98e5e8,0x00000000fba80000)
  to   space 19968K, 0% used [0x00000000f9380000,0x00000000f9380000,0x00000000fa700000)
 ParOldGen       total 90112K, used 32984K [0x00000000e0000000, 0x00000000e5800000, 0x00000000f5580000)
  object space 90112K, 36% used [0x00000000e0000000,0x00000000e2036370,0x00000000e5800000)
 Metaspace       used 67660K, capacity 73306K, committed 73472K, reserved 1112064K
  class space    used 8409K, capacity 10160K, committed 10240K, reserved 1048576K
Event: 16.807 GC heap after
Heap after GC invocations=16 (full 3):
 PSYoungGen      total 83456K, used 18594K [0x00000000f5580000, 0x00000000fc900000, 0x0000000100000000)
  eden space 63488K, 0% used [0x00000000f5580000,0x00000000f5580000,0x00000000f9380000)
  from space 19968K, 93% used [0x00000000f9380000,0x00000000fa5a8b60,0x00000000fa700000)
  to   space 22016K, 0% used [0x00000000fb380000,0x00000000fb380000,0x00000000fc900000)
 ParOldGen       total 90112K, used 32992K [0x00000000e0000000, 0x00000000e5800000, 0x00000000f5580000)
  object space 90112K, 36% used [0x00000000e0000000,0x00000000e2038370,0x00000000e5800000)
 Metaspace       used 67660K, capacity 73306K, committed 73472K, reserved 1112064K
  class space    used 8409K, capacity 10160K, committed 10240K, reserved 1048576K
}
Event: 52.786 GC heap before
{Heap before GC invocations=17 (full 3):
 PSYoungGen      total 83456K, used 82082K [0x00000000f5580000, 0x00000000fc900000, 0x0000000100000000)
  eden space 63488K, 100% used [0x00000000f5580000,0x00000000f9380000,0x00000000f9380000)
  from space 19968K, 93% used [0x00000000f9380000,0x00000000fa5a8b60,0x00000000fa700000)
  to   space 22016K, 0% used [0x00000000fb380000,0x00000000fb380000,0x00000000fc900000)
 ParOldGen       total 90112K, used 32992K [0x00000000e0000000, 0x00000000e5800000, 0x00000000f5580000)
  object space 90112K, 36% used [0x00000000e0000000,0x00000000e2038370,0x00000000e5800000)
 Metaspace       used 73112K, capacity 79006K, committed 79232K, reserved 1118208K
  class space    used 9120K, capacity 11025K, committed 11136K, reserved 1048576K
Event: 52.824 GC heap after
Heap after GC invocations=17 (full 3):
 PSYoungGen      total 93696K, used 20407K [0x00000000f5580000, 0x00000000fcc00000, 0x0000000100000000)
  eden space 71680K, 0% used [0x00000000f5580000,0x00000000f5580000,0x00000000f9b80000)
  from space 22016K, 92% used [0x00000000fb380000,0x00000000fc76de88,0x00000000fc900000)
  to   space 24576K, 0% used [0x00000000f9b80000,0x00000000f9b80000,0x00000000fb380000)
 ParOldGen       total 90112K, used 33000K [0x00000000e0000000, 0x00000000e5800000, 0x00000000f5580000)
  object space 90112K, 36% used [0x00000000e0000000,0x00000000e203a370,0x00000000e5800000)
 Metaspace       used 73112K, capacity 79006K, committed 79232K, reserved 1118208K
  class space    used 9120K, capacity 11025K, committed 11136K, reserved 1048576K
}
Event: 78.305 GC heap before
{Heap before GC invocations=18 (full 3):
 PSYoungGen      total 93696K, used 92087K [0x00000000f5580000, 0x00000000fcc00000, 0x0000000100000000)
  eden space 71680K, 100% used [0x00000000f5580000,0x00000000f9b80000,0x00000000f9b80000)
  from space 22016K, 92% used [0x00000000fb380000,0x00000000fc76de88,0x00000000fc900000)
  to   space 24576K, 0% used [0x00000000f9b80000,0x00000000f9b80000,0x00000000fb380000)
 ParOldGen       total 90112K, used 33000K [0x00000000e0000000, 0x00000000e5800000, 0x00000000f5580000)
  object space 90112K, 36% used [0x00000000e0000000,0x00000000e203a370,0x00000000e5800000)
 Metaspace       used 77741K, capacity 84438K, committed 84608K, reserved 1122304K
  class space    used 9721K, capacity 11797K, committed 11904K, reserved 1048576K
Event: 78.337 GC heap after
Heap after GC invocations=18 (full 3):
 PSYoungGen      total 96256K, used 23240K [0x00000000f5580000, 0x00000000fd880000, 0x0000000100000000)
  eden space 71680K, 0% used [0x00000000f5580000,0x00000000f5580000,0x00000000f9b80000)
  from space 24576K, 94% used [0x00000000f9b80000,0x00000000fb2321d8,0x00000000fb380000)
  to   space 27136K, 0% used [0x00000000fbe00000,0x00000000fbe00000,0x00000000fd880000)
 ParOldGen       total 90112K, used 33008K [0x00000000e0000000, 0x00000000e5800000, 0x00000000f5580000)
  object space 90112K, 36% used [0x00000000e0000000,0x00000000e203c370,0x00000000e5800000)
 Metaspace       used 77741K, capacity 84438K, committed 84608K, reserved 1122304K
  class space    used 9721K, capacity 11797K, committed 11904K, reserved 1048576K
}
Event: 1054.823 GC heap before
{Heap before GC invocations=19 (full 3):
 PSYoungGen      total 96256K, used 94920K [0x00000000f5580000, 0x00000000fd880000, 0x0000000100000000)
  eden space 71680K, 100% used [0x00000000f5580000,0x00000000f9b80000,0x00000000f9b80000)
  from space 24576K, 94% used [0x00000000f9b80000,0x00000000fb2321d8,0x00000000fb380000)
  to   space 27136K, 0% used [0x00000000fbe00000,0x00000000fbe00000,0x00000000fd880000)
 ParOldGen       total 90112K, used 33008K [0x00000000e0000000, 0x00000000e5800000, 0x00000000f5580000)
  object space 90112K, 36% used [0x00000000e0000000,0x00000000e203c370,0x00000000e5800000)
 Metaspace       used 78711K, capacity 85394K, committed 85632K, reserved 1122304K
  class space    used 9799K, capacity 11897K, committed 11904K, reserved 1048576K
Event: 1055.111 GC heap after
Heap after GC invocations=19 (full 3):
 PSYoungGen      total 90624K, used 20538K [0x00000000f5580000, 0x00000000fd280000, 0x0000000100000000)
  eden space 69632K, 0% used [0x00000000f5580000,0x00000000f5580000,0x00000000f9980000)
  from space 20992K, 97% used [0x00000000fbe00000,0x00000000fd20eae8,0x00000000fd280000)
  to   space 28672K, 0% used [0x00000000f9a80000,0x00000000f9a80000,0x00000000fb680000)
 ParOldGen       total 90112K, used 33016K [0x00000000e0000000, 0x00000000e5800000, 0x00000000f5580000)
  object space 90112K, 36% used [0x00000000e0000000,0x00000000e203e370,0x00000000e5800000)
 Metaspace       used 78711K, capacity 85394K, committed 85632K, reserved 1122304K
  class space    used 9799K, capacity 11897K, committed 11904K, reserved 1048576K
}

