# JRE version: Java(TM) SE Runtime Environment (8.0_45-b15) (build 1.8.0_45-b15)
# Java VM: Java HotSpot(TM) 64-Bit Server VM (25.45-b02 mixed mode windows-amd64 compressed oops)
Heap:
 PSYoungGen      total 92672K, used 44078K [0x00000000f5580000, 0x00000000fc480000, 0x0000000100000000)
  eden space 92160K, 47% used [0x00000000f5580000,0x00000000f808bb88,0x00000000faf80000)
  from space 512K, 0% used [0x00000000faf80000,0x00000000faf80000,0x00000000fb000000)
  to   space 10752K, 0% used [0x00000000fba00000,0x00000000fba00000,0x00000000fc480000)
 ParOldGen       total 77824K, used 47452K [0x00000000e0000000, 0x00000000e4c00000, 0x00000000f5580000)
  object space 77824K, 60% used [0x00000000e0000000,0x00000000e2e571c8,0x00000000e4c00000)
 Metaspace       used 83238K, capacity 89520K, committed 89856K, reserved 1126400K
  class space    used 10166K, capacity 12168K, committed 12288K, reserved 1048576K
GC Heap History (10 events):
Event: 1919.212 GC heap before
{Heap before GC invocations=81 (full 34):
 PSYoungGen      total 93184K, used 704K [0x00000000f5580000, 0x00000000fc680000, 0x0000000100000000)
  eden space 92160K, 0% used [0x00000000f5580000,0x00000000f5580000,0x00000000faf80000)
  from space 1024K, 68% used [0x00000000faf80000,0x00000000fb030000,0x00000000fb080000)
  to   space 11776K, 0% used [0x00000000fbb00000,0x00000000fbb00000,0x00000000fc680000)
 ParOldGen       total 77824K, used 47888K [0x00000000e0000000, 0x00000000e4c00000, 0x00000000f5580000)
  object space 77824K, 61% used [0x00000000e0000000,0x00000000e2ec4030,0x00000000e4c00000)
 Metaspace       used 82375K, capacity 88586K, committed 88960K, reserved 1126400K
  class space    used 10071K, capacity 12032K, committed 12160K, reserved 1048576K
Event: 1919.426 GC heap after
Heap after GC invocations=81 (full 34):
 PSYoungGen      total 93184K, used 0K [0x00000000f5580000, 0x00000000fc680000, 0x0000000100000000)
  eden space 92160K, 0% used [0x00000000f5580000,0x00000000f5580000,0x00000000faf80000)
  from space 1024K, 0% used [0x00000000faf80000,0x00000000faf80000,0x00000000fb080000)
  to   space 11776K, 0% used [0x00000000fbb00000,0x00000000fbb00000,0x00000000fc680000)
 ParOldGen       total 77824K, used 47814K [0x00000000e0000000, 0x00000000e4c00000, 0x00000000f5580000)
  object space 77824K, 61% used [0x00000000e0000000,0x00000000e2eb19c0,0x00000000e4c00000)
 Metaspace       used 82375K, capacity 88586K, committed 88960K, reserved 1126400K
  class space    used 10071K, capacity 12032K, committed 12160K, reserved 1048576K
}
Event: 1979.211 GC heap before
{Heap before GC invocations=82 (full 34):
 PSYoungGen      total 93184K, used 3017K [0x00000000f5580000, 0x00000000fc680000, 0x0000000100000000)
  eden space 92160K, 3% used [0x00000000f5580000,0x00000000f58725b8,0x00000000faf80000)
  from space 1024K, 0% used [0x00000000faf80000,0x00000000faf80000,0x00000000fb080000)
  to   space 11776K, 0% used [0x00000000fbb00000,0x00000000fbb00000,0x00000000fc680000)
 ParOldGen       total 77824K, used 47814K [0x00000000e0000000, 0x00000000e4c00000, 0x00000000f5580000)
  object space 77824K, 61% used [0x00000000e0000000,0x00000000e2eb19c0,0x00000000e4c00000)
 Metaspace       used 82380K, capacity 88586K, committed 88960K, reserved 1126400K
  class space    used 10071K, capacity 12032K, committed 12160K, reserved 1048576K
Event: 1979.216 GC heap after
Heap after GC invocations=82 (full 34):
 PSYoungGen      total 102912K, used 160K [0x00000000f5580000, 0x00000000fc580000, 0x0000000100000000)
  eden space 92160K, 0% used [0x00000000f5580000,0x00000000f5580000,0x00000000faf80000)
  from space 10752K, 1% used [0x00000000fbb00000,0x00000000fbb28000,0x00000000fc580000)
  to   space 11264K, 0% used [0x00000000faf80000,0x00000000faf80000,0x00000000fba80000)
 ParOldGen       total 77824K, used 47822K [0x00000000e0000000, 0x00000000e4c00000, 0x00000000f5580000)
  object space 77824K, 61% used [0x00000000e0000000,0x00000000e2eb39c0,0x00000000e4c00000)
 Metaspace       used 82380K, capacity 88586K, committed 88960K, reserved 1126400K
  class space    used 10071K, capacity 12032K, committed 12160K, reserved 1048576K
}
Event: 1979.216 GC heap before
{Heap before GC invocations=83 (full 35):
 PSYoungGen      total 102912K, used 160K [0x00000000f5580000, 0x00000000fc580000, 0x0000000100000000)
  eden space 92160K, 0% used [0x00000000f5580000,0x00000000f5580000,0x00000000faf80000)
  from space 10752K, 1% used [0x00000000fbb00000,0x00000000fbb28000,0x00000000fc580000)
  to   space 11264K, 0% used [0x00000000faf80000,0x00000000faf80000,0x00000000fba80000)
 ParOldGen       total 77824K, used 47822K [0x00000000e0000000, 0x00000000e4c00000, 0x00000000f5580000)
  object space 77824K, 61% used [0x00000000e0000000,0x00000000e2eb39c0,0x00000000e4c00000)
 Metaspace       used 82380K, capacity 88586K, committed 88960K, reserved 1126400K
  class space    used 10071K, capacity 12032K, committed 12160K, reserved 1048576K
Event: 1979.384 GC heap after
Heap after GC invocations=83 (full 35):
 PSYoungGen      total 102912K, used 0K [0x00000000f5580000, 0x00000000fc580000, 0x0000000100000000)
  eden space 92160K, 0% used [0x00000000f5580000,0x00000000f5580000,0x00000000faf80000)
  from space 10752K, 0% used [0x00000000fbb00000,0x00000000fbb00000,0x00000000fc580000)
  to   space 11264K, 0% used [0x00000000faf80000,0x00000000faf80000,0x00000000fba80000)
 ParOldGen       total 77824K, used 47520K [0x00000000e0000000, 0x00000000e4c00000, 0x00000000f5580000)
  object space 77824K, 61% used [0x00000000e0000000,0x00000000e2e68100,0x00000000e4c00000)
 Metaspace       used 82380K, capacity 88586K, committed 88960K, reserved 1126400K
  class space    used 10071K, capacity 12032K, committed 12160K, reserved 1048576K
}
Event: 2039.230 GC heap before
{Heap before GC invocations=84 (full 35):
 PSYoungGen      total 102912K, used 2815K [0x00000000f5580000, 0x00000000fc580000, 0x0000000100000000)
  eden space 92160K, 3% used [0x00000000f5580000,0x00000000f583ff40,0x00000000faf80000)
  from space 10752K, 0% used [0x00000000fbb00000,0x00000000fbb00000,0x00000000fc580000)
  to   space 11264K, 0% used [0x00000000faf80000,0x00000000faf80000,0x00000000fba80000)
 ParOldGen       total 77824K, used 47520K [0x00000000e0000000, 0x00000000e4c00000, 0x00000000f5580000)
  object space 77824K, 61% used [0x00000000e0000000,0x00000000e2e68100,0x00000000e4c00000)
 Metaspace       used 82393K, capacity 88586K, committed 88960K, reserved 1126400K
  class space    used 10071K, capacity 12032K, committed 12160K, reserved 1048576K
Event: 2039.291 GC heap after
Heap after GC invocations=84 (full 35):
 PSYoungGen      total 92672K, used 128K [0x00000000f5580000, 0x00000000fc480000, 0x0000000100000000)
  eden space 92160K, 0% used [0x00000000f5580000,0x00000000f5580000,0x00000000faf80000)
  from space 512K, 25% used [0x00000000faf80000,0x00000000fafa0000,0x00000000fb000000)
  to   space 10752K, 0% used [0x00000000fba00000,0x00000000fba00000,0x00000000fc480000)
 ParOldGen       total 77824K, used 47528K [0x00000000e0000000, 0x00000000e4c00000, 0x00000000f5580000)
  object space 77824K, 61% used [0x00000000e0000000,0x00000000e2e6a100,0x00000000e4c00000)
 Metaspace       used 82393K, capacity 88586K, committed 88960K, reserved 1126400K
  class space    used 10071K, capacity 12032K, committed 12160K, reserved 1048576K
}
Event: 2039.292 GC heap before
{Heap before GC invocations=85 (full 36):
 PSYoungGen      total 92672K, used 128K [0x00000000f5580000, 0x00000000fc480000, 0x0000000100000000)
  eden space 92160K, 0% used [0x00000000f5580000,0x00000000f5580000,0x00000000faf80000)
  from space 512K, 25% used [0x00000000faf80000,0x00000000fafa0000,0x00000000fb000000)
  to   space 10752K, 0% used [0x00000000fba00000,0x00000000fba00000,0x00000000fc480000)
 ParOldGen       total 77824K, used 47528K [0x00000000e0000000, 0x00000000e4c00000, 0x00000000f5580000)
  object space 77824K, 61% used [0x00000000e0000000,0x00000000e2e6a100,0x00000000e4c00000)
 Metaspace       used 82393K, capacity 88586K, committed 88960K, reserved 1126400K
  class space    used 10071K, capacity 12032K, committed 12160K, reserved 1048576K
Event: 2039.449 GC heap after
Heap after GC invocations=85 (full 36):
 PSYoungGen      total 92672K, used 0K [0x00000000f5580000, 0x00000000fc480000, 0x0000000100000000)
  eden space 92160K, 0% used [0x00000000f5580000,0x00000000f5580000,0x00000000faf80000)
  from space 512K, 0% used [0x00000000faf80000,0x00000000faf80000,0x00000000fb000000)
  to   space 10752K, 0% used [0x00000000fba00000,0x00000000fba00000,0x00000000fc480000)
 ParOldGen       total 77824K, used 47452K [0x00000000e0000000, 0x00000000e4c00000, 0x00000000f5580000)
  object space 77824K, 60% used [0x00000000e0000000,0x00000000e2e571c8,0x00000000e4c00000)
 Metaspace       used 82393K, capacity 88586K, committed 88960K, reserved 1126400K
  class space    used 10071K, capacity 12032K, committed 12160K, reserved 1048576K
}

