# JRE version: Java(TM) SE Runtime Environment (8.0_45-b15) (build 1.8.0_45-b15)
# Java VM: Java HotSpot(TM) 64-Bit Server VM (25.45-b02 mixed mode windows-amd64 compressed oops)
Heap:
 PSYoungGen      total 102912K, used 40487K [0x00000000f5580000, 0x00000000fde00000, 0x0000000100000000)
  eden space 75264K, 53% used [0x00000000f5580000,0x00000000f7d09f60,0x00000000f9f00000)
  from space 27648K, 0% used [0x00000000fbd00000,0x00000000fbd00000,0x00000000fd800000)
  to   space 30720K, 0% used [0x00000000f9f00000,0x00000000f9f00000,0x00000000fbd00000)
 ParOldGen       total 76288K, used 54083K [0x00000000e0000000, 0x00000000e4a80000, 0x00000000f5580000)
  object space 76288K, 70% used [0x00000000e0000000,0x00000000e34d0d30,0x00000000e4a80000)
 Metaspace       used 80595K, capacity 86992K, committed 87296K, reserved 1124352K
  class space    used 9999K, capacity 11967K, committed 12032K, reserved 1048576K
GC Heap History (10 events):
Event: 75.299 GC heap before
{Heap before GC invocations=16 (full 3):
 PSYoungGen      total 82432K, used 77612K [0x00000000f5580000, 0x00000000fb900000, 0x0000000100000000)
  eden space 64000K, 100% used [0x00000000f5580000,0x00000000f9400000,0x00000000f9400000)
  from space 18432K, 73% used [0x00000000fa700000,0x00000000fb44b360,0x00000000fb900000)
  to   space 18944K, 0% used [0x00000000f9400000,0x00000000f9400000,0x00000000fa680000)
 ParOldGen       total 76288K, used 30457K [0x00000000e0000000, 0x00000000e4a80000, 0x00000000f5580000)
  object space 76288K, 39% used [0x00000000e0000000,0x00000000e1dbe690,0x00000000e4a80000)
 Metaspace       used 70152K, capacity 76102K, committed 76288K, reserved 1114112K
  class space    used 8717K, capacity 10629K, committed 10752K, reserved 1048576K
Event: 75.318 GC heap after
Heap after GC invocations=16 (full 3):
 PSYoungGen      total 82944K, used 17781K [0x00000000f5580000, 0x00000000fc580000, 0x0000000100000000)
  eden space 64000K, 0% used [0x00000000f5580000,0x00000000f5580000,0x00000000f9400000)
  from space 18944K, 93% used [0x00000000f9400000,0x00000000fa55d6f0,0x00000000fa680000)
  to   space 20992K, 0% used [0x00000000fb100000,0x00000000fb100000,0x00000000fc580000)
 ParOldGen       total 76288K, used 30465K [0x00000000e0000000, 0x00000000e4a80000, 0x00000000f5580000)
  object space 76288K, 39% used [0x00000000e0000000,0x00000000e1dc0690,0x00000000e4a80000)
 Metaspace       used 70152K, capacity 76102K, committed 76288K, reserved 1114112K
  class space    used 8717K, capacity 10629K, committed 10752K, reserved 1048576K
}
Event: 77.376 GC heap before
{Heap before GC invocations=17 (full 3):
 PSYoungGen      total 82944K, used 81781K [0x00000000f5580000, 0x00000000fc580000, 0x0000000100000000)
  eden space 64000K, 100% used [0x00000000f5580000,0x00000000f9400000,0x00000000f9400000)
  from space 18944K, 93% used [0x00000000f9400000,0x00000000fa55d6f0,0x00000000fa680000)
  to   space 20992K, 0% used [0x00000000fb100000,0x00000000fb100000,0x00000000fc580000)
 ParOldGen       total 76288K, used 30465K [0x00000000e0000000, 0x00000000e4a80000, 0x00000000f5580000)
  object space 76288K, 39% used [0x00000000e0000000,0x00000000e1dc0690,0x00000000e4a80000)
 Metaspace       used 75522K, capacity 81644K, committed 81920K, reserved 1120256K
  class space    used 9506K, capacity 11490K, committed 11520K, reserved 1048576K
Event: 77.412 GC heap after
Heap after GC invocations=17 (full 3):
 PSYoungGen      total 89600K, used 20969K [0x00000000f5580000, 0x00000000fcf80000, 0x0000000100000000)
  eden space 68608K, 0% used [0x00000000f5580000,0x00000000f5580000,0x00000000f9880000)
  from space 20992K, 99% used [0x00000000fb100000,0x00000000fc57a4e8,0x00000000fc580000)
  to   space 25088K, 0% used [0x00000000f9880000,0x00000000f9880000,0x00000000fb100000)
 ParOldGen       total 76288K, used 33756K [0x00000000e0000000, 0x00000000e4a80000, 0x00000000f5580000)
  object space 76288K, 44% used [0x00000000e0000000,0x00000000e20f71a8,0x00000000e4a80000)
 Metaspace       used 75522K, capacity 81644K, committed 81920K, reserved 1120256K
  class space    used 9506K, capacity 11490K, committed 11520K, reserved 1048576K
}
Event: 105.917 GC heap before
{Heap before GC invocations=18 (full 3):
 PSYoungGen      total 89600K, used 89577K [0x00000000f5580000, 0x00000000fcf80000, 0x0000000100000000)
  eden space 68608K, 100% used [0x00000000f5580000,0x00000000f9880000,0x00000000f9880000)
  from space 20992K, 99% used [0x00000000fb100000,0x00000000fc57a4e8,0x00000000fc580000)
  to   space 25088K, 0% used [0x00000000f9880000,0x00000000f9880000,0x00000000fb100000)
 ParOldGen       total 76288K, used 33756K [0x00000000e0000000, 0x00000000e4a80000, 0x00000000f5580000)
  object space 76288K, 44% used [0x00000000e0000000,0x00000000e20f71a8,0x00000000e4a80000)
 Metaspace       used 76830K, capacity 83156K, committed 83328K, reserved 1120256K
  class space    used 9616K, capacity 11563K, committed 11648K, reserved 1048576K
Event: 105.941 GC heap after
Heap after GC invocations=18 (full 3):
 PSYoungGen      total 93696K, used 22872K [0x00000000f5580000, 0x00000000fd800000, 0x0000000100000000)
  eden space 68608K, 0% used [0x00000000f5580000,0x00000000f5580000,0x00000000f9880000)
  from space 25088K, 91% used [0x00000000f9880000,0x00000000faed6348,0x00000000fb100000)
  to   space 27648K, 0% used [0x00000000fbd00000,0x00000000fbd00000,0x00000000fd800000)
 ParOldGen       total 76288K, used 33764K [0x00000000e0000000, 0x00000000e4a80000, 0x00000000f5580000)
  object space 76288K, 44% used [0x00000000e0000000,0x00000000e20f91a8,0x00000000e4a80000)
 Metaspace       used 76830K, capacity 83156K, committed 83328K, reserved 1120256K
  class space    used 9616K, capacity 11563K, committed 11648K, reserved 1048576K
}
Event: 134.522 GC heap before
{Heap before GC invocations=19 (full 3):
 PSYoungGen      total 93696K, used 87297K [0x00000000f5580000, 0x00000000fd800000, 0x0000000100000000)
  eden space 68608K, 93% used [0x00000000f5580000,0x00000000f946a4b0,0x00000000f9880000)
  from space 25088K, 91% used [0x00000000f9880000,0x00000000faed6348,0x00000000fb100000)
  to   space 27648K, 0% used [0x00000000fbd00000,0x00000000fbd00000,0x00000000fd800000)
 ParOldGen       total 76288K, used 33764K [0x00000000e0000000, 0x00000000e4a80000, 0x00000000f5580000)
  object space 76288K, 44% used [0x00000000e0000000,0x00000000e20f91a8,0x00000000e4a80000)
 Metaspace       used 79138K, capacity 85464K, committed 85632K, reserved 1122304K
  class space    used 9843K, capacity 11866K, committed 11904K, reserved 1048576K
Event: 134.551 GC heap after
Heap after GC invocations=19 (full 3):
 PSYoungGen      total 102912K, used 25305K [0x00000000f5580000, 0x00000000fde00000, 0x0000000100000000)
  eden space 75264K, 0% used [0x00000000f5580000,0x00000000f5580000,0x00000000f9f00000)
  from space 27648K, 91% used [0x00000000fbd00000,0x00000000fd5b6650,0x00000000fd800000)
  to   space 30720K, 0% used [0x00000000f9f00000,0x00000000f9f00000,0x00000000fbd00000)
 ParOldGen       total 76288K, used 33772K [0x00000000e0000000, 0x00000000e4a80000, 0x00000000f5580000)
  object space 76288K, 44% used [0x00000000e0000000,0x00000000e20fb1a8,0x00000000e4a80000)
 Metaspace       used 79138K, capacity 85464K, committed 85632K, reserved 1122304K
  class space    used 9843K, capacity 11866K, committed 11904K, reserved 1048576K
}
Event: 134.551 GC heap before
{Heap before GC invocations=20 (full 4):
 PSYoungGen      total 102912K, used 25305K [0x00000000f5580000, 0x00000000fde00000, 0x0000000100000000)
  eden space 75264K, 0% used [0x00000000f5580000,0x00000000f5580000,0x00000000f9f00000)
  from space 27648K, 91% used [0x00000000fbd00000,0x00000000fd5b6650,0x00000000fd800000)
  to   space 30720K, 0% used [0x00000000f9f00000,0x00000000f9f00000,0x00000000fbd00000)
 ParOldGen       total 76288K, used 33772K [0x00000000e0000000, 0x00000000e4a80000, 0x00000000f5580000)
  object space 76288K, 44% used [0x00000000e0000000,0x00000000e20fb1a8,0x00000000e4a80000)
 Metaspace       used 79138K, capacity 85464K, committed 85632K, reserved 1122304K
  class space    used 9843K, capacity 11866K, committed 11904K, reserved 1048576K
Event: 134.990 GC heap after
Heap after GC invocations=20 (full 4):
 PSYoungGen      total 102912K, used 0K [0x00000000f5580000, 0x00000000fde00000, 0x0000000100000000)
  eden space 75264K, 0% used [0x00000000f5580000,0x00000000f5580000,0x00000000f9f00000)
  from space 27648K, 0% used [0x00000000fbd00000,0x00000000fbd00000,0x00000000fd800000)
  to   space 30720K, 0% used [0x00000000f9f00000,0x00000000f9f00000,0x00000000fbd00000)
 ParOldGen       total 76288K, used 54083K [0x00000000e0000000, 0x00000000e4a80000, 0x00000000f5580000)
  object space 76288K, 70% used [0x00000000e0000000,0x00000000e34d0d30,0x00000000e4a80000)
 Metaspace       used 79138K, capacity 85464K, committed 85632K, reserved 1122304K
  class space    used 9843K, capacity 11866K, committed 11904K, reserved 1048576K
}

